<?xml version="1.0" encoding="UTF-8"?>
<testsuite xmlns:xsi="http://www.w3.org/2001/XMLSchema-instance" xsi:noNamespaceSchemaLocation="https://maven.apache.org/surefire/maven-surefire-plugin/xsd/surefire-test-report.xsd" version="3.0.2" name="com.music.ride.RideIntegrationTest" time="3.258" tests="16" errors="0" skipped="0" failures="0">
  <properties>
[...]
</properties>
  <testcase name="shouldGetActorDetails" classname="com.music.ride.RideIntegrationTest" time="0.419">
    <system-out><![CDATA[Standard Commons Logging discovery in action with spring-jcl: please remove commons-logging.jar from classpath in order to avoid potential conflicts
15:03:28.097 [main] INFO org.springframework.test.context.support.AnnotationConfigContextLoaderUtils -- Could not detect default configuration classes for test class [com.music.ride.RideIntegrationTest]: RideIntegrationTest does not declare any static, non-private, non-final, nested classes annotated with @Configuration.
15:03:28.154 [main] INFO org.springframework.boot.test.context.SpringBootTestContextBootstrapper -- Found @SpringBootConfiguration com.music.ride.RideServiceApplication for test class com.music.ride.RideIntegrationTest

  .   ____          _            __ _ _
 /\\ / ___'_ __ _ _(_)_ __  __ _ \ \ \ \
( ( )\___ | '_ | '_| | '_ \/ _` | \ \ \ \
 \\/  ___)| |_)| | | | | || (_| |  ) ) ) )
  '  |____| .__|_| |_|_| |_\__, | / / / /
 =========|_|==============|___/=/_/_/_/

 :: Spring Boot ::                (v3.4.1)

2025-12-23T15:03:28.462+01:00  INFO 36910 --- [ride-service] [           main] com.music.ride.RideIntegrationTest       : Starting RideIntegrationTest using Java 25.0.1 with PID 36910 (started by paulpitiot in /Users/paulpitiot/Library/Mobile Documents/com~apple~CloudDocs/ING 2/S1/Prog web/Cour 2K25/CY_Land/ride-service)
2025-12-23T15:03:28.463+01:00 DEBUG 36910 --- [ride-service] [           main] com.music.ride.RideIntegrationTest       : Running with Spring Boot v3.4.1, Spring v6.2.1
2025-12-23T15:03:28.463+01:00  INFO 36910 --- [ride-service] [           main] com.music.ride.RideIntegrationTest       : No active profile set, falling back to 1 default profile: "default"
2025-12-23T15:03:29.023+01:00  INFO 36910 --- [ride-service] [           main] faultConfiguringBeanFactoryPostProcessor : No bean named 'errorChannel' has been explicitly defined. Therefore, a default PublishSubscribeChannel will be created.
2025-12-23T15:03:29.027+01:00  INFO 36910 --- [ride-service] [           main] faultConfiguringBeanFactoryPostProcessor : No bean named 'integrationHeaderChannelRegistry' has been explicitly defined. Therefore, a default DefaultHeaderChannelRegistry will be created.
2025-12-23T15:03:29.150+01:00  INFO 36910 --- [ride-service] [           main] o.s.cloud.context.scope.GenericScope     : BeanFactory id=cb1e83da-ada4-3c52-924c-af8810ab3ff8
[ACTOR-LOGGER] Initialized for service 'ride-service', logs in 'logs/ride-service/actors'
&amp#27;[32m[INFO]&amp#27;[0m [system] [CUSTOM] Actor system 'ride-service' initialized with virtual threads and Resilience4j
[RIDE rc] Started - Capacity: 20, Cycle: 60s
&amp#27;[36m[DEBUG]&amp#27;[0m [rc] [STATE_CHANGE] State changed: CREATED -> RUNNING
[RIDE gr] Started - Capacity: 12, Cycle: 120s
&amp#27;[32m[INFO]&amp#27;[0m [rc] [ACTOR_CREATED] Actor created with parent: root
[RIDE vr] Started - Capacity: 8, Cycle: 180s
&amp#27;[36m[DEBUG]&amp#27;[0m [gr] [STATE_CHANGE] State changed: CREATED -> RUNNING
&amp#27;[32m[INFO]&amp#27;[0m [gr] [ACTOR_CREATED] ===========================================
Actor created with parent: root
  RIDE SERVICE READY
  Attractions: 3
&amp#27;[36m[DEBUG]&amp#27;[0m
 [vr] [STATE_CHANGE]   Available rides:
State changed: CREATED -> RUNNING
&amp#27;[32m[INFO]&amp#27;[0m [vr] [ACTOR_CREATED] Actor created with parent: root
  - RC
  - GR
&amp#27;[36m[DEBUG]&amp#27;[0m [visitor-tracker] [STATE_CHANGE  - VR
] State changed: CREATED -> RUNNING

  ENDPOINTS:
  - GET  /rides
  - GET  /rides/{id}/state
  - POST /rides/{id}/join?ticketId=XXX
  - POST /rides/{id}/start-cycle
  - POST /rides/{id}/report-fault
  - POST /rides/{id}/repair
===========================================
&amp#27;[32m[INFO]&amp#27;[0m [visitor-tracker] [ACTOR_CREATED] Actor created with parent: root
2025-12-23T15:03:29.943+01:00  INFO 36910 --- [ride-service] [           main] o.s.c.s.m.DirectWithAttributesChannel    : Channel 'ride-service.visitorEvents-in-0' has 1 subscriber(s).
2025-12-23T15:03:30.025+01:00  INFO 36910 --- [ride-service] [           main] o.s.b.t.m.w.SpringBootMockServletContext : Initializing Spring TestDispatcherServlet ''
2025-12-23T15:03:30.025+01:00  INFO 36910 --- [ride-service] [           main] o.s.t.web.servlet.TestDispatcherServlet  : Initializing Servlet ''
2025-12-23T15:03:30.029+01:00  INFO 36910 --- [ride-service] [           main] o.s.b.a.e.web.EndpointLinksResolver      : Exposing 3 endpoints beneath base path '/actuator'
2025-12-23T15:03:30.036+01:00  INFO 36910 --- [ride-service] [           main] o.s.t.web.servlet.TestDispatcherServlet  : Completed initialization in 11 ms
2025-12-23T15:03:30.075+01:00  INFO 36910 --- [ride-service] [           main] DiscoveryClientOptionalArgsConfiguration : Eureka HTTP Client uses RestTemplate.
2025-12-23T15:03:30.097+01:00  WARN 36910 --- [ride-service] [           main] iguration$LoadBalancerCaffeineWarnLogger : Spring Cloud LoadBalancer is currently working with the default cache. While this cache implementation is useful for development and tests, it's recommended to use Caffeine cache in production.You can switch to using Caffeine cache, by adding it and org.springframework.cache.caffeine.CaffeineCacheManager to the classpath.
2025-12-23T15:03:30.133+01:00  INFO 36910 --- [ride-service] [           main] o.s.i.endpoint.EventDrivenConsumer       : Adding {logging-channel-adapter:_org.springframework.integration.errorLogger} as a subscriber to the 'errorChannel' channel
2025-12-23T15:03:30.134+01:00  INFO 36910 --- [ride-service] [           main] o.s.i.channel.PublishSubscribeChannel    : Channel 'ride-service.errorChannel' has 1 subscriber(s).
2025-12-23T15:03:30.134+01:00  INFO 36910 --- [ride-service] [           main] o.s.i.endpoint.EventDrivenConsumer       : started bean '_org.springframework.integration.errorLogger'
2025-12-23T15:03:30.141+01:00  INFO 36910 --- [ride-service] [           main] o.s.c.n.eureka.InstanceInfoFactory       : Setting initial instance status as: STARTING
2025-12-23T15:03:30.158+01:00  INFO 36910 --- [ride-service] [           main] com.netflix.discovery.DiscoveryClient    : Initializing Eureka in region us-east-1
2025-12-23T15:03:30.160+01:00  INFO 36910 --- [ride-service] [           main] c.n.d.s.r.aws.ConfigClusterResolver      : Resolving eureka endpoints via configuration
2025-12-23T15:03:30.164+01:00  INFO 36910 --- [ride-service] [           main] com.netflix.discovery.DiscoveryClient    : Disable delta property : false
2025-12-23T15:03:30.164+01:00  INFO 36910 --- [ride-service] [           main] com.netflix.discovery.DiscoveryClient    : Single vip registry refresh property : null
2025-12-23T15:03:30.164+01:00  INFO 36910 --- [ride-service] [           main] com.netflix.discovery.DiscoveryClient    : Force full registry fetch : false
2025-12-23T15:03:30.164+01:00  INFO 36910 --- [ride-service] [           main] com.netflix.discovery.DiscoveryClient    : Application is null : false
2025-12-23T15:03:30.164+01:00  INFO 36910 --- [ride-service] [           main] com.netflix.discovery.DiscoveryClient    : Registered Applications size is zero : true
2025-12-23T15:03:30.164+01:00  INFO 36910 --- [ride-service] [           main] com.netflix.discovery.DiscoveryClient    : Application version is -1: true
2025-12-23T15:03:30.164+01:00  INFO 36910 --- [ride-service] [           main] com.netflix.discovery.DiscoveryClient    : Getting all instance registry info from the eureka server
2025-12-23T15:03:30.286+01:00  INFO 36910 --- [ride-service] [           main] com.netflix.discovery.DiscoveryClient    : The response status is 200
2025-12-23T15:03:30.287+01:00  INFO 36910 --- [ride-service] [           main] com.netflix.discovery.DiscoveryClient    : Starting heartbeat executor: renew interval is: 30
2025-12-23T15:03:30.287+01:00  INFO 36910 --- [ride-service] [           main] c.n.discovery.InstanceInfoReplicator     : InstanceInfoReplicator onDemand update allowed rate per min is 4
2025-12-23T15:03:30.288+01:00  INFO 36910 --- [ride-service] [           main] com.netflix.discovery.DiscoveryClient    : Discovery Client initialized at timestamp 1766498610288 with initial instances count: 2
2025-12-23T15:03:30.290+01:00  INFO 36910 --- [ride-service] [           main] o.s.c.n.e.s.EurekaServiceRegistry        : Registering application RIDE-SERVICE with eureka with status UP
2025-12-23T15:03:30.290+01:00  INFO 36910 --- [ride-service] [           main] com.netflix.discovery.DiscoveryClient    : Saw local status change event StatusChangeEvent [timestamp=1766498610290, current=UP, previous=STARTING]
2025-12-23T15:03:30.291+01:00  INFO 36910 --- [ride-service] [foReplicator-%d] com.netflix.discovery.DiscoveryClient    : DiscoveryClient_RIDE-SERVICE/ride-service:5fd105dc-79e6-4454-8a37-3c9c9a4c5f0a: registering service...
2025-12-23T15:03:30.312+01:00  INFO 36910 --- [ride-service] [foReplicator-%d] com.netflix.discovery.DiscoveryClient    : DiscoveryClient_RIDE-SERVICE/ride-service:5fd105dc-79e6-4454-8a37-3c9c9a4c5f0a - registration status: 204
2025-12-23T15:03:30.363+01:00 ERROR 36910 --- [ride-service] [           main] i.n.r.d.DnsServerAddressStreamProviders  : Unable to load io.netty.resolver.dns.macos.MacOSDnsServerAddressStreamProvider, fallback to system defaults. This may result in incorrect DNS resolutions on MacOS. Check whether you have a dependency on 'io.netty:netty-resolver-dns-native-macos'. Use DEBUG level to see the full stack: java.lang.UnsatisfiedLinkError: failed to load the required native library
2025-12-23T15:03:30.367+01:00  INFO 36910 --- [ride-service] [           main] o.s.c.s.binder.DefaultBinderFactory      : Creating binder: rabbit
2025-12-23T15:03:30.367+01:00  INFO 36910 --- [ride-service] [           main] o.s.c.s.binder.DefaultBinderFactory      : Constructing binder child context for rabbit
2025-12-23T15:03:30.495+01:00  INFO 36910 --- [ride-service] [           main] o.s.c.s.binder.DefaultBinderFactory      : Caching the binder: rabbit
2025-12-23T15:03:30.498+01:00  INFO 36910 --- [ride-service] [           main] c.s.b.r.p.RabbitExchangeQueueProvisioner : declaring queue for inbound: park.events.ride-service, bound to: park.events
2025-12-23T15:03:30.501+01:00  INFO 36910 --- [ride-service] [           main] o.s.a.r.c.CachingConnectionFactory       : Attempting to connect to: [localhost:5672]
2025-12-23T15:03:30.523+01:00  INFO 36910 --- [ride-service] [           main] o.s.a.r.c.CachingConnectionFactory       : Created new connection: rabbitConnectionFactory#2b1a1a37:0/SimpleConnection@190cc39e [delegate=amqp://guest@127.0.0.1:5672/, localPort=52439]
2025-12-23T15:03:30.547+01:00  INFO 36910 --- [ride-service] [           main] o.s.c.stream.binder.BinderErrorChannel   : Channel 'rabbit-1728067407.visitorEvents-in-0.errors' has 1 subscriber(s).
2025-12-23T15:03:30.548+01:00  INFO 36910 --- [ride-service] [           main] o.s.c.stream.binder.BinderErrorChannel   : Channel 'rabbit-1728067407.visitorEvents-in-0.errors' has 2 subscriber(s).
2025-12-23T15:03:30.558+01:00  INFO 36910 --- [ride-service] [           main] o.s.i.a.i.AmqpInboundChannelAdapter      : started bean 'inbound.park.events.ride-service'
2025-12-23T15:03:30.584+01:00  INFO 36910 --- [ride-service] [           main] com.music.ride.RideIntegrationTest       : Started RideIntegrationTest in 2.27 seconds (process running for 2.823)
]]></system-out>
    <system-err><![CDATA[Mockito is currently self-attaching to enable the inline-mock-maker. This will no longer work in future releases of the JDK. Please add Mockito as an agent to your build what is described in Mockito's documentation: https://javadoc.io/doc/org.mockito/mockito-core/latest/org/mockito/Mockito.html#0.3
WARNING: A Java agent has been loaded dynamically (/Users/paulpitiot/.m2/repository/net/bytebuddy/byte-buddy-agent/1.15.11/byte-buddy-agent-1.15.11.jar)
WARNING: If a serviceability tool is in use, please run with -XX:+EnableDynamicAgentLoading to hide this warning
WARNING: If a serviceability tool is not in use, please run with -Djdk.instrument.traceUsage for more information
WARNING: Dynamic loading of agents will be disallowed by default in a future release
]]></system-err>
  </testcase>
  <testcase name="shouldListActors" classname="com.music.ride.RideIntegrationTest" time="0.015"/>
  <testcase name="shouldReturn404WhenJoiningUnknownRide" classname="com.music.ride.RideIntegrationTest" time="0.005"/>
  <testcase name="shouldJoinQueue" classname="com.music.ride.RideIntegrationTest" time="0.008">
    <system-out><![CDATA[&amp#27;[36m[DEBUG]&amp#27;[0m [gr] [MESSAGE_RECEIVED] Message received
[RIDE gr] Ticket VISITOR-1766498611070 joined queue (size=1)
&amp#27;[36m[DEBUG]&amp#27;[0m [gr] [CUSTOM] Snapshot saved: RideState
&amp#27;[36m[DEBUG]&amp#27;[0m [gr] [MESSAGE_PROCESSED] Message processed in 1ms
&amp#27;[36m[DEBUG]&amp#27;[0m [gr] [MESSAGE_RECEIVED] Message received
&amp#27;[36m[DEBUG]&amp#27;[0m [gr] [MESSAGE_PROCESSED] Message processed in 0ms
]]></system-out>
  </testcase>
  <testcase name="shouldStartCycleWithPassengers" classname="com.music.ride.RideIntegrationTest" time="0.059">
    <system-out><![CDATA[[RIDE vr] Ticket CYCLE-TEST-1766498611078-0 joined queue (size=1)
&amp#27;[36m[DEBUG]&amp#27;[0m [vr] [MESSAGE_RECEIVED] Message received
&amp#27;[36m[DEBUG]&amp#27;[0m [vr] [CUSTOM] Snapshot saved: RideState
&amp#27;[36m[DEBUG]&amp#27;[0m [vr] [MESSAGE_PROCESSED] Message processed in 0ms
&amp#27;[36m[DEBUG]&amp#27;[0m [vr] [MESSAGE_RECEIVED] Message received
&amp#27;[36m[DEBUG]&amp#27;[0m [vr] [MESSAGE_PROCESSED] Message processed in 0ms
[RIDE vr] Ticket CYCLE-TEST-1766498611078-1 joined queue (size=2)
&amp#27;[36m[DEBUG]&amp#27;[0m [vr] [MESSAGE_RECEIVED] Message received
&amp#27;[36m[DEBUG]&amp#27;[0m [vr] [CUSTOM] Snapshot saved: RideState
&amp#27;[36m[DEBUG]&amp#27;[0m [vr] [MESSAGE_PROCESSED] Message processed in 0ms
&amp#27;[36m[DEBUG]&amp#27;[0m [vr] [MESSAGE_RECEIVED] Message received
&amp#27;[36m[DEBUG]&amp#27;[0m [vr] [MESSAGE_PROCESSED] Message processed in 0ms
[RIDE vr] Ticket CYCLE-TEST-1766498611078-2 joined queue (size=3)
&amp#27;[36m[DEBUG]&amp#27;[0m [vr] [MESSAGE_RECEIVED] Message received
&amp#27;[36m[DEBUG]&amp#27;[0m [vr] [CUSTOM] Snapshot saved: RideState
&amp#27;[36m[DEBUG]&amp#27;[0m [vr] [MESSAGE_PROCESSED] Message processed in 0ms
&amp#27;[36m[DEBUG]&amp#27;[0m [vr] [MESSAGE_RECEIVED] Message received
&amp#27;[36m[DEBUG]&amp#27;[0m [vr] [MESSAGE_PROCESSED] Message processed in 0ms
&amp#27;[36m[DEBUG]&amp#27;[0m [vr] [MESSAGE_RECEIVED] Message received
&amp#27;[36m[DEBUG]&amp#27;[0m [vr] [CUSTOM] Snapshot saved: RideState
2025-12-23T15:03:31.107+01:00  INFO 36910 --- [ride-service] [       actor-vr] o.s.c.s.m.DirectWithAttributesChannel    : Channel 'ride-service.rideEvents-out-0' has 1 subscriber(s).
2025-12-23T15:03:31.115+01:00  INFO 36910 --- [ride-service] [       actor-vr] o.s.a.r.c.CachingConnectionFactory       : Attempting to connect to: [localhost:5672]
2025-12-23T15:03:31.121+01:00  INFO 36910 --- [ride-service] [       actor-vr] o.s.a.r.c.CachingConnectionFactory       : Created new connection: rabbitConnectionFactory.publisher#57f913cc:0/SimpleConnection@1b32ce3f [delegate=amqp://guest@127.0.0.1:5672/, localPort=52440]
[PUBLISH] CycleStarted: ride=vr, passengers=3
[RIDE vr] Cycle started with 3 passengers: [CYCLE-TEST-1766498611078-0, CYCLE-TEST-1766498611078-1, CYCLE-TEST-1766498611078-2]
&amp#27;[36m[DEBUG]&amp#27;[0m [vr] [MESSAGE_PROCESSED] Message processed in 50ms
&amp#27;[36m[DEBUG]&amp#27;[0m [vr] [MESSAGE_RECEIVED] Message received
&amp#27;[36m[DEBUG]&amp#27;[0m [vr] [MESSAGE_PROCESSED] Message processed in 0ms
]]></system-out>
  </testcase>
  <testcase name="shouldFailStartCycleWithEmptyQueue" classname="com.music.ride.RideIntegrationTest" time="0.006">
    <system-out><![CDATA[&amp#27;[36m[DEBUG]&amp#27;[0m [rc] [MESSAGE_RECEIVED] Message received
&amp#27;[36m[DEBUG]&amp#27;[0m [rc] [MESSAGE_PROCESSED] Message processed in 0ms
&amp#27;[36m[DEBUG]&amp#27;[0m [rc] [MESSAGE_RECEIVED] Message received
&amp#27;[36m[DEBUG]&amp#27;[0m [rc] [MESSAGE_PROCESSED] Message processed in 0ms
]]></system-out>
  </testcase>
  <testcase name="shouldBlockRide" classname="com.music.ride.RideIntegrationTest" time="0.006">
    <system-out><![CDATA[&amp#27;[33m[WARN]&amp#27;[0m [vr] [ACTOR_BLOCKED] Actor blocked
&amp#27;[33m[WARN]&amp#27;[0m [vr] [ACTOR_BLOCKED] Actor blocked
&amp#27;[32m[INFO]&amp#27;[0m [vr] [ACTOR_UNBLOCKED] Actor unblocked
&amp#27;[32m[INFO]&amp#27;[0m [vr] [ACTOR_UNBLOCKED] Actor unblocked
]]></system-out>
  </testcase>
  <testcase name="shouldReportFault" classname="com.music.ride.RideIntegrationTest" time="0.067">
    <system-out><![CDATA[[RIDE gr] FAULT REPORTED: MECHANICAL - Test fault
&amp#27;[36m[DEBUG]&amp#27;[0m [gr] [MESSAGE_RECEIVED] Message received
&amp#27;[36m[DEBUG]&amp#27;[0m [gr] [CUSTOM] Snapshot saved: RideState
&amp#27;[36m[DEBUG]&amp#27;[0m [notification-handler] [CUSTOM] Creating remote actor ref to gate-service at http://192.168.60.54:8081 (with Circuit Breaker)
&amp#27;[32m[INFO]&amp#27;[0m [notification-handler] [REMOTE_COMMUNICATION] Remote call: local -> gate-service
&amp#27;[36m[DEBUG]&amp#27;[0m [gr] [MESSAGE_PROCESSED] Message processed in 60ms
&amp#27;[36m[DEBUG]&amp#27;[0m [gr] [MESSAGE_RECEIVED] Message received
&amp#27;[36m[DEBUG]&amp#27;[0m [gr] [MESSAGE_PROCESSED] Message processed in 0ms
&amp#27;[36m[DEBUG]&amp#27;[0m [gr] [MESSAGE_RECEIVED] Message received
&amp#27;[36m[DEBUG]&amp#27;[0m [gr] [MESSAGE_PROCESSED] Message processed in 0ms
[RIDE gr] Repair complete, attraction reopened
&amp#27;[36m[DEBUG]&amp#27;[0m [gr] [MESSAGE_RECEIVED] Message received
&amp#27;[36m[DEBUG]&amp#27;[0m [gr] [CUSTOM] Snapshot saved: RideState
&amp#27;[36m[DEBUG]&amp#27;[0m [notification-handler] [CUSTOM] Creating remote actor ref to gate-service at http://192.168.60.54:8081 (with Circuit Breaker)
&amp#27;[32m[INFO]&amp#27;[0m [notification-handler] [REMOTE_COMMUNICATION] Remote call: local -> gate-service
]]></system-out>
  </testcase>
  <testcase name="shouldReturn404ForUnknownRide" classname="com.music.ride.RideIntegrationTest" time="0.004">
    <system-out><![CDATA[&amp#27;[36m[DEBUG]&amp#27;[0m [gr] [MESSAGE_PROCESSED] Message processed in 2ms
]]></system-out>
  </testcase>
  <testcase name="shouldRepairRide" classname="com.music.ride.RideIntegrationTest" time="0.009">
    <system-out><![CDATA[[RIDE rc] FAULT REPORTED: ELECTRICAL - Power issue
&amp#27;[36m[DEBUG]&amp#27;[0m [rc] [MESSAGE_RECEIVED] Message received
&amp#27;[36m[DEBUG]&amp#27;[0m [rc] [CUSTOM] Snapshot saved: RideState
&amp#27;[36m[DEBUG]&amp#27;[0m [notification-handler] [CUSTOM] Creating remote actor ref to gate-service at http://192.168.60.54:8081 (with Circuit Breaker)
&amp#27;[32m[INFO]&amp#27;[0m [notification-handler] [REMOTE_COMMUNICATION] Remote call: local -> gate-service
[RIDE rc] Repair complete, attraction reopened
&amp#27;[36m[DEBUG]&amp#27;[0m [rc] [MESSAGE_PROCESSED] Message processed in 3ms
&amp#27;[36m[DEBUG]&amp#27;[0m [rc] [MESSAGE_RECEIVED] Message received
&amp#27;[36m[DEBUG]&amp#27;[0m [rc] [CUSTOM] Snapshot saved: RideState
&amp#27;[36m[DEBUG]&amp#27;[0m [notification-handler] [CUSTOM] Creating remote actor ref to gate-service at http://192.168.60.54:8081 (with Circuit Breaker)
&amp#27;[32m[INFO]&amp#27;[0m [notification-handler] [REMOTE_COMMUNICATION] Remote call: local -> gate-service
&amp#27;[36m[DEBUG]&amp#27;[0m [rc] [MESSAGE_PROCESSED] Message processed in 1ms
&amp#27;[36m[DEBUG]&amp#27;[0m [rc] [MESSAGE_RECEIVED] Message received
&amp#27;[36m[DEBUG]&amp#27;[0m [rc] [MESSAGE_PROCESSED] Message processed in 0ms
&amp#27;[36m[DEBUG]&amp#27;[0m [rc] [MESSAGE_RECEIVED] Message received
&amp#27;[36m[DEBUG]&amp#27;[0m [rc] [MESSAGE_PROCESSED] Message processed in 0ms
]]></system-out>
  </testcase>
  <testcase name="shouldHandleInvalidFaultType" classname="com.music.ride.RideIntegrationTest" time="0.008">
    <system-out><![CDATA[2025-12-23T15:03:31.238+01:00  WARN 36910 --- [ride-service] [           main] .w.s.m.s.DefaultHandlerExceptionResolver : Resolved [org.springframework.web.method.annotation.MethodArgumentTypeMismatchException: Method parameter 'faultType': Failed to convert value of type 'java.lang.String' to required type 'com.music.ride.domain.RideMessages$FaultType'; Failed to convert from type [java.lang.String] to type [@org.springframework.web.bind.annotation.RequestParam com.music.ride.domain.RideMessages$FaultType] for value [INVALID_TYPE]]
]]></system-out>
  </testcase>
  <testcase name="shouldReturnSystemMetrics" classname="com.music.ride.RideIntegrationTest" time="0.008"/>
  <testcase name="shouldUnblockRide" classname="com.music.ride.RideIntegrationTest" time="0.006">
    <system-out><![CDATA[&amp#27;[33m[WARN]&amp#27;[0m [rc] [ACTOR_BLOCKED] Actor blocked
&amp#27;[33m[WARN]&amp#27;[0m [rc] [ACTOR_BLOCKED] Actor blocked
&amp#27;[32m[INFO]&amp#27;[0m [rc] [ACTOR_UNBLOCKED] Actor unblocked
&amp#27;[32m[INFO]&amp#27;[0m [rc] [ACTOR_UNBLOCKED] Actor unblocked
]]></system-out>
  </testcase>
  <testcase name="shouldGetRideState" classname="com.music.ride.RideIntegrationTest" time="0.007">
    <system-out><![CDATA[&amp#27;[36m[DEBUG]&amp#27;[0m [rc] [MESSAGE_RECEIVED] Message received
&amp#27;[36m[DEBUG]&amp#27;[0m [rc] [MESSAGE_PROCESSED] Message processed in 0ms
&amp#27;[36m[DEBUG]&amp#27;[0m [rc] [MESSAGE_RECEIVED] Message received
&amp#27;[36m[DEBUG]&amp#27;[0m [rc] [MESSAGE_PROCESSED] Message processed in 0ms
]]></system-out>
  </testcase>
  <testcase name="shouldAcceptAllFaultTypes" classname="com.music.ride.RideIntegrationTest" time="0.013">
    <system-out><![CDATA[[RIDE rc] FAULT REPORTED: MECHANICAL - Testing MECHANICAL
&amp#27;[36m[DEBUG]&amp#27;[0m [rc] [MESSAGE_RECEIVED] Message received
&amp#27;[36m[DEBUG]&amp#27;[0m [rc] [CUSTOM] Snapshot saved: RideState
&amp#27;[36m[DEBUG]&amp#27;[0m [notification-handler] [CUSTOM] Creating remote actor ref to gate-service at http://192.168.60.54:8081 (with Circuit Breaker)
&amp#27;[32m[INFO]&amp#27;[0m [notification-handler] [REMOTE_COMMUNICATION] Remote call: local -> gate-service
[RIDE rc] Repair complete, attraction reopened
&amp#27;[36m[DEBUG]&amp#27;[0m [rc] [MESSAGE_PROCESSED] Message processed in 4ms
&amp#27;[36m[DEBUG]&amp#27;[0m [rc] [MESSAGE_RECEIVED] Message received
&amp#27;[36m[DEBUG]&amp#27;[0m [rc] [CUSTOM] Snapshot saved: RideState
&amp#27;[36m[DEBUG]&amp#27;[0m [notification-handler] [CUSTOM] Creating remote actor ref to gate-service at http://192.168.60.54:8081 (with Circuit Breaker)
&amp#27;[32m[INFO]&amp#27;[0m [notification-handler] [REMOTE_COMMUNICATION] Remote call: local -> gate-service
[RIDE rc] FAULT REPORTED: ELECTRICAL - Testing ELECTRICAL
&amp#27;[36m[DEBUG]&amp#27;[0m [rc] [MESSAGE_PROCESSED] Message processed in 4ms
&amp#27;[36m[DEBUG]&amp#27;[0m [rc] [MESSAGE_RECEIVED] Message received
&amp#27;[36m[DEBUG]&amp#27;[0m [rc] [CUSTOM] Snapshot saved: RideState
]]></system-out>
  </testcase>
  <testcase name="shouldListRides" classname="com.music.ride.RideIntegrationTest" time="0.006">
    <system-out><![CDATA[&amp#27;[36m[DEBUG]&amp#27;[0m [notification-handler] [CUSTOM] Creating remote actor ref to gate-service at http://192.168.60.54:8081 (with Circuit Breaker)
&amp#27;[32m[INFO]&amp#27;[0m [notification-handler] [REMOTE_COMMUNICATION] Remote call: local -> gate-service
[RIDE rc] Repair complete, attraction reopened
&amp#27;[36m[DEBUG]&amp#27;[0m [rc] [MESSAGE_PROCESSED] Message processed in 3ms
&amp#27;[36m[DEBUG]&amp#27;[0m [rc] [MESSAGE_RECEIVED] Message received
&amp#27;[36m[DEBUG]&amp#27;[0m [rc] [CUSTOM] Snapshot saved: RideState
&amp#27;[36m[DEBUG]&amp#27;[0m [notification-handler] [CUSTOM] Creating remote actor ref to gate-service at http://192.168.60.54:8081 (with Circuit Breaker)
&amp#27;[32m[INFO]&amp#27;[0m [notification-handler] [REMOTE_COMMUNICATION] Remote call: local -> gate-service
[RIDE rc] FAULT REPORTED: SAFETY - Testing SAFETY
&amp#27;[36m[DEBUG]&amp#27;[0m [rc] [MESSAGE_PROCESSED] Message processed in 5ms
]]></system-out>
  </testcase>
</testsuite>