<?xml version="1.0" encoding="UTF-8"?>
<testsuite xmlns:xsi="http://www.w3.org/2001/XMLSchema-instance" xsi:noNamespaceSchemaLocation="https://maven.apache.org/surefire/maven-surefire-plugin/xsd/surefire-test-report.xsd" version="3.0.2" name="com.music.gate.GateIntegrationTest" time="3.11" tests="8" errors="0" skipped="0" failures="0">
  <properties>
[...]
</properties>
  <testcase name="shouldCreateAndDeleteGate" classname="com.music.gate.GateIntegrationTest" time="0.478">
    <system-out><![CDATA[Standard Commons Logging discovery in action with spring-jcl: please remove commons-logging.jar from classpath in order to avoid potential conflicts
10:07:35.831 [main] INFO org.springframework.test.context.support.AnnotationConfigContextLoaderUtils -- Could not detect default configuration classes for test class [com.music.gate.GateIntegrationTest]: GateIntegrationTest does not declare any static, non-private, non-final, nested classes annotated with @Configuration.
10:07:35.889 [main] INFO org.springframework.boot.test.context.SpringBootTestContextBootstrapper -- Found @SpringBootConfiguration com.music.gate.GateServiceApplication for test class com.music.gate.GateIntegrationTest

  .   ____          _            __ _ _
 /\\ / ___'_ __ _ _(_)_ __  __ _ \ \ \ \
( ( )\___ | '_ | '_| | '_ \/ _` | \ \ \ \
 \\/  ___)| |_)| | | | | || (_| |  ) ) ) )
  '  |____| .__|_| |_|_| |_\__, | / / / /
 =========|_|==============|___/=/_/_/_/

 :: Spring Boot ::                (v3.4.1)

2025-12-23T10:07:36.210+01:00  INFO 7879 --- [gate-service] [           main] com.music.gate.GateIntegrationTest       : Starting GateIntegrationTest using Java 25.0.1 with PID 7879 (started by paulpitiot in /Users/paulpitiot/Library/Mobile Documents/com~apple~CloudDocs/ING 2/S1/Prog web/Cour 2K25/CY_Land/gate-service)
2025-12-23T10:07:36.210+01:00 DEBUG 7879 --- [gate-service] [           main] com.music.gate.GateIntegrationTest       : Running with Spring Boot v3.4.1, Spring v6.2.1
2025-12-23T10:07:36.210+01:00  INFO 7879 --- [gate-service] [           main] com.music.gate.GateIntegrationTest       : No active profile set, falling back to 1 default profile: "default"
2025-12-23T10:07:36.781+01:00  INFO 7879 --- [gate-service] [           main] faultConfiguringBeanFactoryPostProcessor : No bean named 'errorChannel' has been explicitly defined. Therefore, a default PublishSubscribeChannel will be created.
2025-12-23T10:07:36.785+01:00  INFO 7879 --- [gate-service] [           main] faultConfiguringBeanFactoryPostProcessor : No bean named 'integrationHeaderChannelRegistry' has been explicitly defined. Therefore, a default DefaultHeaderChannelRegistry will be created.
2025-12-23T10:07:36.839+01:00  INFO 7879 --- [gate-service] [           main] o.s.cloud.context.scope.GenericScope     : BeanFactory id=85ef76f0-9286-3b1a-b9e8-be24ae012ecd
[ACTOR-LOGGER] Initialized for service 'gate-service', logs in 'logs/gate-service/actors'
&amp#27;[32m[INFO]&amp#27;[0m [system] [CUSTOM] Actor system 'gate-service' initialized with virtual threads
[GATE G1] Started - Type: MAIN_GATE
&amp#27;[36m[DEBUG]&amp#27;[0m [G1] [STATE_CHANGE] State changed: CREATED -> RUNNING
[GATE G2] Started - Type: MAIN_GATE
&amp#27;[32m[INFO]&amp#27;[0m [G1] [ACTOR_CREATED] Actor created with parent: root
[GATE VIP] Started - Type: VIP_GATE
&amp#27;[36m[DEBUG]&amp#27;[0m [G2] [STATE_CHANGE] State changed: CREATED -> RUNNING
&amp#27;[32m[INFO]&amp#27;[0m [G2] [ACTOR_CREATED] Actor created with parent: root
&amp#27;[36m[DEBUG]&amp#27;[0m [VIP] [STATE_CHANGE] State changed: CREATED -> RUNNING
&amp#27;[32m[INFO]&amp#27;[0m [VIP] [ACTOR_CREATED] Actor created with parent: root
[GATE ticket-scanners-worker-0] Started - Type: MAIN_GATE
[GATE ticket-scanners-worker-1] Started - Type: MAIN_GATE
&amp#27;[36m[DEBUG]&amp#27;[0m [ticket-scanners-worker-0] [STATE_CHANGE] State changed: CREATED -> RUNNING
&amp#27;[32m[INFO]&amp#27;[0m [ticket-scanners-worker-0] [ACTOR_CREATED] ===========================================
Actor created with parent: root
  GATE SERVICE READY
  Gates: 3
  Scanner Pool: 2 workers

  ENDPOINTS:
  - POST /gate/{gateId}/scan?ticketId=XXX
  - POST /gate/{gateId}/scan-sync?ticketId=XXX
  - GET  /gate/{gateId}/status
  - POST /gate/{gateId}/block
  - POST /gate/{gateId}/unblock
  - GET  /actors (actor management)
===========================================
&amp#27;[36m[DEBUG]&amp#27;[0m [ticket-scanners-worker-1] [STATE_CHANGE] State changed: CREATED -> RUNNING
&amp#27;[32m[INFO]&amp#27;[0m [ticket-scanners-worker-1] [ACTOR_CREATED] Actor created with parent: root
&amp#27;[32m[INFO]&amp#27;[0m [ticket-scanners] [CUSTOM] Actor pool created with 2 initial instances (min=2, max=10)
2025-12-23T10:07:37.688+01:00  INFO 7879 --- [gate-service] [           main] o.s.b.t.m.w.SpringBootMockServletContext : Initializing Spring TestDispatcherServlet ''
2025-12-23T10:07:37.689+01:00  INFO 7879 --- [gate-service] [           main] o.s.t.web.servlet.TestDispatcherServlet  : Initializing Servlet ''
2025-12-23T10:07:37.699+01:00  INFO 7879 --- [gate-service] [           main] o.s.b.a.e.web.EndpointLinksResolver      : Exposing 3 endpoints beneath base path '/actuator'
2025-12-23T10:07:37.706+01:00  INFO 7879 --- [gate-service] [           main] o.s.t.web.servlet.TestDispatcherServlet  : Completed initialization in 17 ms
2025-12-23T10:07:37.743+01:00  INFO 7879 --- [gate-service] [           main] DiscoveryClientOptionalArgsConfiguration : Eureka HTTP Client uses RestTemplate.
2025-12-23T10:07:37.762+01:00  WARN 7879 --- [gate-service] [           main] iguration$LoadBalancerCaffeineWarnLogger : Spring Cloud LoadBalancer is currently working with the default cache. While this cache implementation is useful for development and tests, it's recommended to use Caffeine cache in production.You can switch to using Caffeine cache, by adding it and org.springframework.cache.caffeine.CaffeineCacheManager to the classpath.
2025-12-23T10:07:37.813+01:00  INFO 7879 --- [gate-service] [           main] o.s.i.endpoint.EventDrivenConsumer       : Adding {logging-channel-adapter:_org.springframework.integration.errorLogger} as a subscriber to the 'errorChannel' channel
2025-12-23T10:07:37.813+01:00  INFO 7879 --- [gate-service] [           main] o.s.i.channel.PublishSubscribeChannel    : Channel 'gate-service.errorChannel' has 1 subscriber(s).
2025-12-23T10:07:37.813+01:00  INFO 7879 --- [gate-service] [           main] o.s.i.endpoint.EventDrivenConsumer       : started bean '_org.springframework.integration.errorLogger'
2025-12-23T10:07:37.821+01:00  INFO 7879 --- [gate-service] [           main] o.s.c.n.eureka.InstanceInfoFactory       : Setting initial instance status as: STARTING
2025-12-23T10:07:37.831+01:00  INFO 7879 --- [gate-service] [           main] com.netflix.discovery.DiscoveryClient    : Initializing Eureka in region us-east-1
2025-12-23T10:07:37.832+01:00  INFO 7879 --- [gate-service] [           main] c.n.d.s.r.aws.ConfigClusterResolver      : Resolving eureka endpoints via configuration
2025-12-23T10:07:37.836+01:00  INFO 7879 --- [gate-service] [           main] com.netflix.discovery.DiscoveryClient    : Disable delta property : false
2025-12-23T10:07:37.836+01:00  INFO 7879 --- [gate-service] [           main] com.netflix.discovery.DiscoveryClient    : Single vip registry refresh property : null
2025-12-23T10:07:37.836+01:00  INFO 7879 --- [gate-service] [           main] com.netflix.discovery.DiscoveryClient    : Force full registry fetch : false
2025-12-23T10:07:37.836+01:00  INFO 7879 --- [gate-service] [           main] com.netflix.discovery.DiscoveryClient    : Application is null : false
2025-12-23T10:07:37.836+01:00  INFO 7879 --- [gate-service] [           main] com.netflix.discovery.DiscoveryClient    : Registered Applications size is zero : true
2025-12-23T10:07:37.836+01:00  INFO 7879 --- [gate-service] [           main] com.netflix.discovery.DiscoveryClient    : Application version is -1: true
2025-12-23T10:07:37.836+01:00  INFO 7879 --- [gate-service] [           main] com.netflix.discovery.DiscoveryClient    : Getting all instance registry info from the eureka server
2025-12-23T10:07:37.962+01:00  INFO 7879 --- [gate-service] [           main] com.netflix.discovery.DiscoveryClient    : The response status is 200
2025-12-23T10:07:37.963+01:00  INFO 7879 --- [gate-service] [           main] com.netflix.discovery.DiscoveryClient    : Starting heartbeat executor: renew interval is: 30
2025-12-23T10:07:37.963+01:00  INFO 7879 --- [gate-service] [           main] c.n.discovery.InstanceInfoReplicator     : InstanceInfoReplicator onDemand update allowed rate per min is 4
2025-12-23T10:07:37.964+01:00  INFO 7879 --- [gate-service] [           main] com.netflix.discovery.DiscoveryClient    : Discovery Client initialized at timestamp 1766480857964 with initial instances count: 2
2025-12-23T10:07:37.965+01:00  INFO 7879 --- [gate-service] [           main] o.s.c.n.e.s.EurekaServiceRegistry        : Registering application GATE-SERVICE with eureka with status UP
2025-12-23T10:07:37.965+01:00  INFO 7879 --- [gate-service] [           main] com.netflix.discovery.DiscoveryClient    : Saw local status change event StatusChangeEvent [timestamp=1766480857965, current=UP, previous=STARTING]
2025-12-23T10:07:37.966+01:00  INFO 7879 --- [gate-service] [foReplicator-%d] com.netflix.discovery.DiscoveryClient    : DiscoveryClient_GATE-SERVICE/gate-service:b486ba43-110d-4818-8f31-4775da768506: registering service...
2025-12-23T10:07:37.979+01:00  INFO 7879 --- [gate-service] [foReplicator-%d] com.netflix.discovery.DiscoveryClient    : DiscoveryClient_GATE-SERVICE/gate-service:b486ba43-110d-4818-8f31-4775da768506 - registration status: 204
2025-12-23T10:07:38.049+01:00 ERROR 7879 --- [gate-service] [           main] i.n.r.d.DnsServerAddressStreamProviders  : Unable to load io.netty.resolver.dns.macos.MacOSDnsServerAddressStreamProvider, fallback to system defaults. This may result in incorrect DNS resolutions on MacOS. Check whether you have a dependency on 'io.netty:netty-resolver-dns-native-macos'. Use DEBUG level to see the full stack: java.lang.UnsatisfiedLinkError: failed to load the required native library
2025-12-23T10:07:38.071+01:00  INFO 7879 --- [gate-service] [           main] com.music.gate.GateIntegrationTest       : Started GateIntegrationTest in 2.017 seconds (process running for 2.555)
[GATE TEST-GATE] Started - Type: MAIN_GATE
&amp#27;[36m[DEBUG]&amp#27;[0m [TEST-GATE] [STATE_CHANGE] State changed: CREATED -> RUNNING
&amp#27;[32m[INFO]&amp#27;[0m [TEST-GATE] [ACTOR_CREATED] Actor created with parent: root
[GATE TEST-GATE] Stopped - Total visitors: 0
&amp#27;[36m[DEBUG]&amp#27;[0m [TEST-GATE] [STATE_CHANGE] State changed: RUNNING -> STOPPING
&amp#27;[32m[INFO]&amp#27;[0m [TEST-GATE] [ACTOR_STOPPED] Actor stopped: Normal shutdown
&amp#27;[32m[INFO]&amp#27;[0m [TEST-GATE] [ACTOR_STOPPED] Actor stopped: Explicit stop
]]></system-out>
    <system-err><![CDATA[Mockito is currently self-attaching to enable the inline-mock-maker. This will no longer work in future releases of the JDK. Please add Mockito as an agent to your build what is described in Mockito's documentation: https://javadoc.io/doc/org.mockito/mockito-core/latest/org/mockito/Mockito.html#0.3
WARNING: A Java agent has been loaded dynamically (/Users/paulpitiot/.m2/repository/net/bytebuddy/byte-buddy-agent/1.15.11/byte-buddy-agent-1.15.11.jar)
WARNING: If a serviceability tool is in use, please run with -XX:+EnableDynamicAgentLoading to hide this warning
WARNING: If a serviceability tool is not in use, please run with -Djdk.instrument.traceUsage for more information
WARNING: Dynamic loading of agents will be disallowed by default in a future release
]]></system-err>
  </testcase>
  <testcase name="shouldListActors" classname="com.music.gate.GateIntegrationTest" time="0.01"/>
  <testcase name="scanShouldPublishEvent" classname="com.music.gate.GateIntegrationTest" time="0.233">
    <system-out><![CDATA[&amp#27;[36m[DEBUG]&amp#27;[0m [G1] [MESSAGE_RECEIVED] Message received
&amp#27;[36m[DEBUG]&amp#27;[0m [G1] [CUSTOM] Snapshot saved: GateState
2025-12-23T10:07:38.615+01:00  INFO 7879 --- [gate-service] [       actor-G1] o.s.i.channel.PublishSubscribeChannel    : Channel 'park.events.destination' has 1 subscriber(s).
2025-12-23T10:07:38.616+01:00  INFO 7879 --- [gate-service] [       actor-G1] o.s.c.s.m.DirectWithAttributesChannel    : Channel 'gate-service.gateEvents-out-0' has 1 subscriber(s).
[PUBLISH] VisitorEntered: ticket=EVENT-1766480858607, gate=G1
[GATE G1] Ticket EVENT-1766480858607 ACCEPTED - Visitor entered
&amp#27;[36m[DEBUG]&amp#27;[0m [visitor-tracker] [CUSTOM] Creating remote actor ref to ride-service at http://192.168.60.54:8082
&amp#27;[32m[INFO]&amp#27;[0m [visitor-tracker] [REMOTE_COMMUNICATION] Remote call: local -> ride-service
[GATE G1] Could not notify ride-service: Failed to serialize message
&amp#27;[36m[DEBUG]&amp#27;[0m [G1] [MESSAGE_PROCESSED] Message processed in 17ms
]]></system-out>
  </testcase>
  <testcase name="shouldBlockGate" classname="com.music.gate.GateIntegrationTest" time="0.005">
    <system-out><![CDATA[&amp#27;[33m[WARN]&amp#27;[0m [G2] [ACTOR_BLOCKED] Actor blocked
&amp#27;[33m[WARN]&amp#27;[0m [G2] [ACTOR_BLOCKED] Actor blocked
&amp#27;[32m[INFO]&amp#27;[0m [G2] [ACTOR_UNBLOCKED] Actor unblocked
&amp#27;[32m[INFO]&amp#27;[0m [G2] [ACTOR_UNBLOCKED] Actor unblocked
]]></system-out>
  </testcase>
  <testcase name="scanSyncShouldReturnResult" classname="com.music.gate.GateIntegrationTest" time="0.008">
    <system-out><![CDATA[&amp#27;[36m[DEBUG]&amp#27;[0m [G1] [MESSAGE_RECEIVED] Message received
[PUBLISH] VisitorEntered: ticket=SYNC-TEST-1766480858846, gate=G1
[GATE G1] Ticket SYNC-TEST-1766480858846 ACCEPTED - Visitor entered
&amp#27;[36m[DEBUG]&amp#27;[0m [G1] [CUSTOM] Snapshot saved: GateState
&amp#27;[36m[DEBUG]&amp#27;[0m [visitor-tracker] [CUSTOM] Creating remote actor ref to ride-service at http://192.168.60.54:8082
&amp#27;[32m[INFO]&amp#27;[0m [visitor-tracker] [REMOTE_COMMUNICATION] Remote call: local -> ride-service
[GATE G1] Could not notify ride-service: Failed to serialize message
&amp#27;[36m[DEBUG]&amp#27;[0m [G1] [MESSAGE_PROCESSED] Message processed in 2ms
&amp#27;[36m[DEBUG]&amp#27;[0m [G1] [MESSAGE_RECEIVED] Message received
&amp#27;[36m[DEBUG]&amp#27;[0m [G1] [MESSAGE_PROCESSED] Message processed in 0ms
]]></system-out>
  </testcase>
  <testcase name="scanShouldReturn202" classname="com.music.gate.GateIntegrationTest" time="0.004">
    <system-out><![CDATA[[PUBLISH] VisitorEntered: ticket=TEST-001, gate=G1
[GATE G1] Ticket TEST-001 ACCEPTED - Visitor entered
&amp#27;[36m[DEBUG]&amp#27;[0m [G1] [MESSAGE_RECEIVED] Message received
&amp#27;[36m[DEBUG]&amp#27;[0m [G1] [CUSTOM] Snapshot saved: GateState
&amp#27;[36m[DEBUG]&amp#27;[0m [visitor-tracker] [CUSTOM] Creating remote actor ref to ride-service at http://192.168.60.54:8082
&amp#27;[32m[INFO]&amp#27;[0m [visitor-tracker] [REMOTE_COMMUNICATION] Remote call: local -> ride-service
[GATE G1] Could not notify ride-service: Failed to serialize message
&amp#27;[36m[DEBUG]&amp#27;[0m [G1] [MESSAGE_PROCESSED] Message processed in 1ms
]]></system-out>
  </testcase>
  <testcase name="shouldReturnSystemMetrics" classname="com.music.gate.GateIntegrationTest" time="0.005"/>
  <testcase name="shouldListGates" classname="com.music.gate.GateIntegrationTest" time="0.011"/>
</testsuite>