<?xml version="1.0" encoding="UTF-8"?>
<testsuite xmlns:xsi="http://www.w3.org/2001/XMLSchema-instance" xsi:noNamespaceSchemaLocation="https://maven.apache.org/surefire/maven-surefire-plugin/xsd/surefire-test-report.xsd" version="3.0.2" name="com.music.gate.InterServiceIntegrationTest" time="0.79" tests="10" errors="0" skipped="0" failures="0">
  <properties>
[...]
</properties>
  <testcase name="scanShouldPublishVisitorEnteredEvent" classname="com.music.gate.InterServiceIntegrationTest" time="0.121">
    <system-out><![CDATA[2025-12-23T15:01:53.630+01:00  INFO 36578 --- [gate-service] [           main] t.c.s.AnnotationConfigContextLoaderUtils : Could not detect default configuration classes for test class [com.music.gate.InterServiceIntegrationTest]: InterServiceIntegrationTest does not declare any static, non-private, non-final, nested classes annotated with @Configuration.
2025-12-23T15:01:53.632+01:00  INFO 36578 --- [gate-service] [           main] .b.t.c.SpringBootTestContextBootstrapper : Found @SpringBootConfiguration com.music.gate.GateServiceApplication for test class com.music.gate.InterServiceIntegrationTest

  .   ____          _            __ _ _
 /\\ / ___'_ __ _ _(_)_ __  __ _ \ \ \ \
( ( )\___ | '_ | '_| | '_ \/ _` | \ \ \ \
 \\/  ___)| |_)| | | | | || (_| |  ) ) ) )
  '  |____| .__|_| |_|_| |_\__, | / / / /
 =========|_|==============|___/=/_/_/_/

 :: Spring Boot ::                (v3.4.1)

2025-12-23T15:01:53.656+01:00  INFO 36578 --- [gate-service] [           main] c.m.gate.InterServiceIntegrationTest     : Starting InterServiceIntegrationTest using Java 25.0.1 with PID 36578 (started by paulpitiot in /Users/paulpitiot/Library/Mobile Documents/com~apple~CloudDocs/ING 2/S1/Prog web/Cour 2K25/CY_Land/gate-service)
2025-12-23T15:01:53.657+01:00 DEBUG 36578 --- [gate-service] [           main] c.m.gate.InterServiceIntegrationTest     : Running with Spring Boot v3.4.1, Spring v6.2.1
2025-12-23T15:01:53.657+01:00  INFO 36578 --- [gate-service] [           main] c.m.gate.InterServiceIntegrationTest     : No active profile set, falling back to 1 default profile: "default"
2025-12-23T15:01:53.797+01:00  INFO 36578 --- [gate-service] [           main] faultConfiguringBeanFactoryPostProcessor : No bean named 'errorChannel' has been explicitly defined. Therefore, a default PublishSubscribeChannel will be created.
2025-12-23T15:01:53.797+01:00  INFO 36578 --- [gate-service] [           main] faultConfiguringBeanFactoryPostProcessor : No bean named 'integrationHeaderChannelRegistry' has been explicitly defined. Therefore, a default DefaultHeaderChannelRegistry will be created.
2025-12-23T15:01:53.802+01:00  INFO 36578 --- [gate-service] [           main] o.s.cloud.context.scope.GenericScope     : BeanFactory id=5cc225c5-c26c-31f9-9acf-1bcaf9185dba
[ACTOR-LOGGER] Initialized for service 'gate-service', logs in 'logs/gate-service/actors'
&amp#27;[32m[INFO]&amp#27;[0m [system] [CUSTOM] Actor system 'gate-service' initialized with virtual threads and Resilience4j
[GATE G1] Started - Type: MAIN_GATE
[GATE G2] Started - Type: MAIN_GATE
[GATE VIP] Started - Type: VIP_GATE
[GATE ticket-scanners-worker-0] Started - Type: MAIN_GATE
[GATE ticket-scanners-worker-1] Started - Type: MAIN_GATE
&amp#27;[36m[DEBUG]&amp#27;[0m [G1] [STATE_CHANGE] State changed: CREATED -> RUNNING
===========================================
  GATE SERVICE READY
  Gates: 3
  Scanner Pool: 2 workers
  Auto-scaling: ENABLED (2-10 workers)

  ENDPOINTS:
  - POST /gate/{gateId}/scan?ticketId=XXX
  - POST /gate/{gateId}/scan-sync?ticketId=XXX
  - GET  /gate/{gateId}/status
  - POST /gate/{gateId}/block
  - POST /gate/{gateId}/unblock
  - GET  /actors (actor management)
  - GET  /gate/pool/metrics (scaling metrics)
===========================================
&amp#27;[32m[INFO]&amp#27;[0m [G1] [ACTOR_CREATED] Actor created with parent: root
&amp#27;[36m[DEBUG]&amp#27;[0m [G2] [STATE_CHANGE] State changed: CREATED -> RUNNING
&amp#27;[32m[INFO]&amp#27;[0m [G2] [ACTOR_CREATED] Actor created with parent: root
&amp#27;[36m[DEBUG]&amp#27;[0m [VIP] [STATE_CHANGE] State changed: CREATED -> RUNNING
&amp#27;[32m[INFO]&amp#27;[0m [VIP] [ACTOR_CREATED] Actor created with parent: root
&amp#27;[36m[DEBUG]&amp#27;[0m [ticket-scanners-worker-0] [STATE_CHANGE] State changed: CREATED -> RUNNING
&amp#27;[32m[INFO]&amp#27;[0m [ticket-scanners-worker-0] [ACTOR_CREATED] Actor created with parent: root
&amp#27;[36m[DEBUG]&amp#27;[0m [ticket-scanners-worker-1] [STATE_CHANGE] State changed: CREATED -> RUNNING
&amp#27;[32m[INFO]&amp#27;[0m [ticket-scanners-worker-1] [ACTOR_CREATED] Actor created with parent: root
&amp#27;[32m[INFO]&amp#27;[0m [ticket-scanners] [CUSTOM] Actor pool created with 2 initial instances (min=2, max=10)
2025-12-23T15:01:53.949+01:00  INFO 36578 --- [gate-service] [           main] o.s.b.t.m.w.SpringBootMockServletContext : Initializing Spring TestDispatcherServlet ''
2025-12-23T15:01:53.949+01:00  INFO 36578 --- [gate-service] [           main] o.s.t.web.servlet.TestDispatcherServlet  : Initializing Servlet ''
2025-12-23T15:01:53.950+01:00  INFO 36578 --- [gate-service] [           main] o.s.b.a.e.web.EndpointLinksResolver      : Exposing 3 endpoints beneath base path '/actuator'
2025-12-23T15:01:53.952+01:00  INFO 36578 --- [gate-service] [           main] o.s.t.web.servlet.TestDispatcherServlet  : Completed initialization in 3 ms
2025-12-23T15:01:53.956+01:00  INFO 36578 --- [gate-service] [           main] DiscoveryClientOptionalArgsConfiguration : Eureka HTTP Client uses RestTemplate.
2025-12-23T15:01:53.962+01:00  WARN 36578 --- [gate-service] [           main] iguration$LoadBalancerCaffeineWarnLogger : Spring Cloud LoadBalancer is currently working with the default cache. While this cache implementation is useful for development and tests, it's recommended to use Caffeine cache in production.You can switch to using Caffeine cache, by adding it and org.springframework.cache.caffeine.CaffeineCacheManager to the classpath.
2025-12-23T15:01:53.972+01:00  INFO 36578 --- [gate-service] [           main] o.s.i.endpoint.EventDrivenConsumer       : Adding {logging-channel-adapter:_org.springframework.integration.errorLogger} as a subscriber to the 'errorChannel' channel
2025-12-23T15:01:53.972+01:00  INFO 36578 --- [gate-service] [           main] o.s.i.channel.PublishSubscribeChannel    : Channel 'gate-service.errorChannel' has 1 subscriber(s).
2025-12-23T15:01:53.972+01:00  INFO 36578 --- [gate-service] [           main] o.s.i.endpoint.EventDrivenConsumer       : started bean '_org.springframework.integration.errorLogger'
2025-12-23T15:01:53.978+01:00  INFO 36578 --- [gate-service] [           main] c.m.gate.InterServiceIntegrationTest     : Started InterServiceIntegrationTest in 0.344 seconds (process running for 3.911)
2025-12-23T15:01:53.985+01:00  INFO 36578 --- [gate-service] [       actor-G1] o.s.i.channel.PublishSubscribeChannel    : Channel 'park.events.destination' has 1 subscriber(s).
&amp#27;[36m[DEBUG]&amp#27;[0m [G1] [MESSAGE_RECEIVED] Message received
2025-12-23T15:01:53.985+01:00  INFO 36578 --- [gate-service] [       actor-G1] o.s.c.s.m.DirectWithAttributesChannel    : Channel 'gate-service.gateEvents-out-0' has 1 subscriber(s).
&amp#27;[36m[DEBUG]&amp#27;[0m [G1] [CUSTOM] Snapshot saved: GateState
[PUBLISH] VisitorEntered: ticket=EVENT-TEST-1766498513981, gate=G1
[GATE G1] Ticket EVENT-TEST-1766498513981 ACCEPTED - Visitor entered
[GATE G1] Could not notify ride-service: No instances found for service: ride-service
&amp#27;[36m[DEBUG]&amp#27;[0m [G1] [MESSAGE_PROCESSED] Message processed in 2ms
]]></system-out>
  </testcase>
  <testcase name="rejectedTicketShouldPublishRejectionEvent" classname="com.music.gate.InterServiceIntegrationTest" time="0.11">
    <system-out><![CDATA[&amp#27;[36m[DEBUG]&amp#27;[0m [G1] [MESSAGE_RECEIVED] Message received
[PUBLISH] VisitorEntered: ticket=DUPLICATE-TEST-1766498514102, gate=G1
[GATE G1] Ticket DUPLICATE-TEST-1766498514102 ACCEPTED - Visitor entered
[GATE G1] Could not notify ride-service: No instances found for service: ride-service
&amp#27;[36m[DEBUG]&amp#27;[0m [G1] [CUSTOM] Snapshot saved: GateState
&amp#27;[36m[DEBUG]&amp#27;[0m [G1] [MESSAGE_PROCESSED] Message processed in 0ms
&amp#27;[36m[DEBUG]&amp#27;[0m [G1] [MESSAGE_RECEIVED] Message received
&amp#27;[36m[DEBUG]&amp#27;[0m [G1] [MESSAGE_PROCESSED] Message processed in 0ms
[GATE G1] Ticket DUPLICATE-TEST-1766498514102 REJECTED - Already scanned
&amp#27;[36m[DEBUG]&amp#27;[0m [G1] [MESSAGE_RECEIVED] Message received
[PUBLISH] TicketRejected: ticket=DUPLICATE-TEST-1766498514102, gate=G1, reason=Ticket already used
&amp#27;[36m[DEBUG]&amp#27;[0m [G1] [MESSAGE_PROCESSED] Message processed in 1ms
&amp#27;[36m[DEBUG]&amp#27;[0m [G1] [MESSAGE_RECEIVED] Message received
&amp#27;[36m[DEBUG]&amp#27;[0m [G1] [MESSAGE_PROCESSED] Message processed in 0ms
]]></system-out>
  </testcase>
  <testcase name="shouldConsumeExternalEvents" classname="com.music.gate.InterServiceIntegrationTest" time="0.003"/>
  <testcase name="fullFlowScanToEventToTracking" classname="com.music.gate.InterServiceIntegrationTest" time="0.008">
    <system-out><![CDATA[&amp#27;[36m[DEBUG]&amp#27;[0m [G1] [MESSAGE_RECEIVED] Message received
[PUBLISH] VisitorEntered: ticket=FLOW-TEST-1766498514216, gate=G1
[GATE G1] Ticket FLOW-TEST-1766498514216 ACCEPTED - Visitor entered
[GATE G1] Could not notify ride-service: No instances found for service: ride-service
&amp#27;[36m[DEBUG]&amp#27;[0m [G1] [CUSTOM] Snapshot saved: GateState
&amp#27;[36m[DEBUG]&amp#27;[0m [G1] [MESSAGE_PROCESSED] Message processed in 1ms
&amp#27;[36m[DEBUG]&amp#27;[0m [G1] [MESSAGE_RECEIVED] Message received
&amp#27;[36m[DEBUG]&amp#27;[0m [G1] [MESSAGE_PROCESSED] Message processed in 0ms
&amp#27;[36m[DEBUG]&amp#27;[0m [G1] [MESSAGE_RECEIVED] Message received
&amp#27;[36m[DEBUG]&amp#27;[0m [G1] [MESSAGE_PROCESSED] Message processed in 0ms
&amp#27;[36m[DEBUG]&amp#27;[0m [G1] [MESSAGE_RECEIVED] Message received
&amp#27;[36m[DEBUG]&amp#27;[0m [G1] [MESSAGE_PROCESSED] Message processed in 0ms
]]></system-out>
  </testcase>
  <testcase name="multipleTicketsShouldGenerateSequentialEvents" classname="com.music.gate.InterServiceIntegrationTest" time="0.01">
    <system-out><![CDATA[[PUBLISH] VisitorEntered: ticket=MULTI-1766498514225-0, gate=G2
&amp#27;[36m[DEBUG]&amp#27;[0m [G2] [MESSAGE_RECEIVED] Message received
[GATE G2] Ticket MULTI-1766498514225-0 ACCEPTED - Visitor entered
[GATE G2] Could not notify ride-service: No instances found for service: ride-service
&amp#27;[36m[DEBUG]&amp#27;[0m [G2] [CUSTOM] Snapshot saved: GateState
&amp#27;[36m[DEBUG]&amp#27;[0m [G2] [MESSAGE_PROCESSED] Message processed in 1ms
[PUBLISH] VisitorEntered: ticket=MULTI-1766498514225-1, gate=G2
[GATE G2] Ticket MULTI-1766498514225-1 ACCEPTED - Visitor entered
[GATE G2] Could not notify ride-service: No instances found for service: ride-service
&amp#27;[36m[DEBUG]&amp#27;[0m [G2] [MESSAGE_RECEIVED] Message received
&amp#27;[36m[DEBUG]&amp#27;[0m [G2] [CUSTOM] Snapshot saved: GateState
&amp#27;[36m[DEBUG]&amp#27;[0m [G2] [MESSAGE_PROCESSED] Message processed in 0ms
[PUBLISH] VisitorEntered: ticket=MULTI-1766498514225-2, gate=G2
[GATE G2] Ticket MULTI-1766498514225-2 ACCEPTED - Visitor entered
&amp#27;[36m[DEBUG]&amp#27;[0m [G2] [MESSAGE_RECEIVED] Message received
[GATE G2] Could not notify ride-service: No instances found for service: ride-service
&amp#27;[36m[DEBUG]&amp#27;[0m [G2] [CUSTOM] Snapshot saved: GateState
&amp#27;[36m[DEBUG]&amp#27;[0m [G2] [MESSAGE_PROCESSED] Message processed in 0ms
&amp#27;[36m[DEBUG]&amp#27;[0m [G2] [MESSAGE_RECEIVED] Message received
&amp#27;[36m[DEBUG]&amp#27;[0m [G2] [CUSTOM] Snapshot saved: GateState
[PUBLISH] VisitorEntered: ticket=MULTI-1766498514225-3, gate=G2
[GATE G2] Ticket MULTI-1766498514225-3 ACCEPTED - Visitor entered
[GATE G2] Could not notify ride-service: No instances found for service: ride-service
[PUBLISH] VisitorEntered: ticket=MULTI-1766498514225-4, gate=G2
[GATE G2] Ticket MULTI-1766498514225-4 ACCEPTED - Visitor entered
[GATE G2] Could not notify ride-service: No instances found for service: ride-service
&amp#27;[36m[DEBUG]&amp#27;[0m [G2] [MESSAGE_PROCESSED] Message processed in 1ms
&amp#27;[36m[DEBUG]&amp#27;[0m [G2] [MESSAGE_RECEIVED] Message received
&amp#27;[36m[DEBUG]&amp#27;[0m [G2] [CUSTOM] Snapshot saved: GateState
&amp#27;[36m[DEBUG]&amp#27;[0m [G2] [MESSAGE_PROCESSED] Message processed in 0ms
]]></system-out>
  </testcase>
  <testcase name="shouldContinueWhenRemoteServiceUnavailable" classname="com.music.gate.InterServiceIntegrationTest" time="0.005">
    <system-out><![CDATA[&amp#27;[36m[DEBUG]&amp#27;[0m [G1] [MESSAGE_RECEIVED] Message received
&amp#27;[36m[DEBUG]&amp#27;[0m [G1] [CUSTOM] Snapshot saved: GateState
[PUBLISH] VisitorEntered: ticket=RESILIENCE-1766498514236, gate=G1
[GATE G1] Ticket RESILIENCE-1766498514236 ACCEPTED - Visitor entered
[GATE G1] Could not notify ride-service: No instances found for service: ride-service
&amp#27;[36m[DEBUG]&amp#27;[0m [G1] [MESSAGE_PROCESSED] Message processed in 1ms
&amp#27;[36m[DEBUG]&amp#27;[0m [G1] [MESSAGE_RECEIVED] Message received
&amp#27;[36m[DEBUG]&amp#27;[0m [G1] [MESSAGE_PROCESSED] Message processed in 0ms
]]></system-out>
  </testcase>
  <testcase name="blockingGateShouldNotAffectPendingEvents" classname="com.music.gate.InterServiceIntegrationTest" time="0.112">
    <system-out><![CDATA[&amp#27;[36m[DEBUG]&amp#27;[0m [G2] [MESSAGE_RECEIVED] Message received
[PUBLISH] VisitorEntered: ticket=PRE-BLOCK-1766498514242, gate=G2
[GATE G2] Ticket PRE-BLOCK-1766498514242 ACCEPTED - Visitor entered
[GATE G2] Could not notify ride-service: No instances found for service: ride-service
&amp#27;[36m[DEBUG]&amp#27;[0m [G2] [CUSTOM] Snapshot saved: GateState
&amp#27;[33m[WARN]&amp#27;[0m [G2] [ACTOR_BLOCKED] Actor blocked
&amp#27;[33m[WARN]&amp#27;[0m [G2] [ACTOR_BLOCKED] Actor blocked
&amp#27;[36m[DEBUG]&amp#27;[0m [G2] [MESSAGE_PROCESSED] Message processed in 1ms
&amp#27;[32m[INFO]&amp#27;[0m [G2] [ACTOR_UNBLOCKED] Actor unblocked
&amp#27;[32m[INFO]&amp#27;[0m [G2] [ACTOR_UNBLOCKED] Actor unblocked
]]></system-out>
  </testcase>
  <testcase name="systemMetricsShouldIncludeLocalActors" classname="com.music.gate.InterServiceIntegrationTest" time="0.004"/>
  <testcase name="scannerPoolMetricsShouldBeAvailable" classname="com.music.gate.InterServiceIntegrationTest" time="0.006"/>
  <testcase name="shouldHandleHighLoadOfScans" classname="com.music.gate.InterServiceIntegrationTest" time="0.053">
    <system-out><![CDATA[&amp#27;[36m[DEBUG]&amp#27;[0m [VIP] [MESSAGE_RECEIVED] Message received
[PUBLISH] VisitorEntered: ticket=LOAD-1766498514365-0, gate=VIP
[GATE VIP] Ticket LOAD-1766498514365-0 ACCEPTED - Visitor entered
[GATE VIP] Could not notify ride-service: No instances found for service: ride-service
&amp#27;[36m[DEBUG]&amp#27;[0m [VIP] [CUSTOM] Snapshot saved: GateState
&amp#27;[36m[DEBUG]&amp#27;[0m [VIP] [MESSAGE_PROCESSED] Message processed in 1ms
[PUBLISH] VisitorEntered: ticket=LOAD-1766498514365-1, gate=VIP
[GATE VIP] Ticket LOAD-1766498514365-1 ACCEPTED - Visitor entered
[GATE VIP] Could not notify ride-service: No instances found for service: ride-service
&amp#27;[36m[DEBUG]&amp#27;[0m [VIP] [MESSAGE_RECEIVED] Message received
&amp#27;[36m[DEBUG]&amp#27;[0m [VIP] [CUSTOM] Snapshot saved: GateState
[PUBLISH] VisitorEntered: ticket=LOAD-1766498514365-2, gate=VIP
[GATE VIP] Ticket LOAD-1766498514365-2 ACCEPTED - Visitor entered
[GATE VIP] Could not notify ride-service: No instances found for service: ride-service
&amp#27;[36m[DEBUG]&amp#27;[0m [VIP] [MESSAGE_PROCESSED] Message processed in 0ms
&amp#27;[36m[DEBUG]&amp#27;[0m [VIP] [MESSAGE_RECEIVED] Message received
&amp#27;[36m[DEBUG]&amp#27;[0m [VIP] [CUSTOM] Snapshot saved: GateState
[PUBLISH] VisitorEntered: ticket=LOAD-1766498514365-3, gate=VIP
[GATE VIP] Ticket LOAD-1766498514365-3 ACCEPTED - Visitor entered
&amp#27;[36m[DEBUG]&amp#27;[0m [VIP] [MESSAGE_PROCESSED] Message processed in 1ms
[GATE VIP] Could not notify ride-service: No instances found for service: ride-service
&amp#27;[36m[DEBUG]&amp#27;[0m [VIP] [MESSAGE_RECEIVED] Message received
&amp#27;[36m[DEBUG]&amp#27;[0m [VIP] [CUSTOM] Snapshot saved: GateState
&amp#27;[36m[DEBUG]&amp#27;[0m [VIP] [MESSAGE_PROCESSED] Message processed in 0ms
[PUBLISH] VisitorEntered: ticket=LOAD-1766498514365-4, gate=VIP
[GATE VIP] Ticket LOAD-1766498514365-4 ACCEPTED - Visitor entered
&amp#27;[36m[DEBUG]&amp#27;[0m [VIP] [MESSAGE_RECEIVED] Message received
[GATE VIP] Could not notify ride-service: No instances found for service: ride-service
&amp#27;[36m[DEBUG]&amp#27;[0m [VIP] [CUSTOM] Snapshot saved: GateState
&amp#27;[36m[DEBUG]&amp#27;[0m [VIP] [MESSAGE_PROCESSED] Message processed in 0ms
&amp#27;[36m[DEBUG]&amp#27;[0m [VIP] [MESSAGE_RECEIVED] Message received
&amp#27;[36m[DEBUG]&amp#27;[0m [VIP] [CUSTOM] Snapshot saved: GateState
[PUBLISH] VisitorEntered: ticket=LOAD-1766498514365-5, gate=VIP
[GATE VIP] Ticket LOAD-1766498514365-5 ACCEPTED - Visitor entered
[GATE VIP] Could not notify ride-service: No instances found for service: ride-service
&amp#27;[36m[DEBUG]&amp#27;[0m [VIP] [MESSAGE_PROCESSED] Message processed in 0ms
[PUBLISH] VisitorEntered: ticket=LOAD-1766498514365-6, gate=VIP
[GATE VIP] Ticket LOAD-1766498514365-6 ACCEPTED - Visitor entered
[GATE VIP] Could not notify ride-service: No instances found for service: ride-service
&amp#27;[36m[DEBUG]&amp#27;[0m [VIP] [MESSAGE_RECEIVED] Message received
&amp#27;[36m[DEBUG]&amp#27;[0m [VIP] [CUSTOM] Snapshot saved: GateState
&amp#27;[36m[DEBUG]&amp#27;[0m [VIP] [MESSAGE_PROCESSED] Message processed in 1ms
&amp#27;[36m[DEBUG]&amp#27;[0m [VIP] [MESSAGE_RECEIVED] Message received
[PUBLISH] VisitorEntered: ticket=LOAD-1766498514365-7, gate=VIP
[GATE VIP] Ticket LOAD-1766498514365-7 ACCEPTED - Visitor entered
[GATE VIP] Could not notify ride-service: No instances found for service: ride-service
&amp#27;[36m[DEBUG]&amp#27;[0m [VIP] [CUSTOM] Snapshot saved: GateState
&amp#27;[36m[DEBUG]&amp#27;[0m [VIP] [MESSAGE_PROCESSED] Message processed in 0ms
[PUBLISH] VisitorEntered: ticket=LOAD-1766498514365-8, gate=VIP
[GATE VIP] Ticket LOAD-1766498514365-8 ACCEPTED - Visitor entered
&amp#27;[36m[DEBUG]&amp#27;[0m [VIP] [MESSAGE_RECEIVED] Message received
[GATE VIP] Could not notify ride-service: No instances found for service: ride-service
&amp#27;[36m[DEBUG]&amp#27;[0m [VIP] [CUSTOM] Snapshot saved: GateState
[PUBLISH] VisitorEntered: ticket=LOAD-1766498514365-9, gate=VIP
[GATE VIP] Ticket LOAD-1766498514365-9 ACCEPTED - Visitor entered
[GATE VIP] Could not notify ride-service: No instances found for service: ride-service
[PUBLISH] VisitorEntered: ticket=LOAD-1766498514365-10, gate=VIP
[GATE VIP] Ticket LOAD-1766498514365-10 ACCEPTED - Visitor entered
[GATE VIP] Could not notify ride-service: No instances found for service: ride-service
&amp#27;[36m[DEBUG]&amp#27;[0m [VIP] [MESSAGE_PROCESSED] Message processed in 0ms
[PUBLISH] VisitorEntered: ticket=LOAD-1766498514365-11, gate=VIP
[GATE VIP] Ticket LOAD-1766498514365-11 ACCEPTED - Visitor entered
[GATE VIP] Could not notify ride-service: No instances found for service: ride-service
&amp#27;[36m[DEBUG]&amp#27;[0m [VIP] [MESSAGE_RECEIVED] Message received
&amp#27;[36m[DEBUG]&amp#27;[0m [VIP] [CUSTOM] Snapshot saved: GateState
&amp#27;[36m[DEBUG]&amp#27;[0m [VIP] [MESSAGE_PROCESSED] Message processed in 0ms
&amp#27;[36m[DEBUG]&amp#27;[0m [VIP] [MESSAGE_RECEIVED] Message received
&amp#27;[36m[DEBUG]&amp#27;[0m [VIP] [CUSTOM] Snapshot saved: GateState
&amp#27;[36m[DEBUG]&amp#27;[0m [VIP] [MESSAGE_PROCESSED] Message processed in 1ms
&amp#27;[36m[DEBUG]&amp#27;[0m [VIP] [MESSAGE_RECEIVED] Message received
&amp#27;[36m[DEBUG]&amp#27;[0m [VIP] [CUSTOM] Snapshot saved: GateState
&amp#27;[36m[DEBUG]&amp#27;[0m [VIP] [MESSAGE_PROCESSED] Message processed in 0ms
&amp#27;[36m[DEBUG]&amp#27;[0m [VIP] [MESSAGE_RECEIVED] Message received
&amp#27;[36m[DEBUG]&amp#27;[0m [VIP] [CUSTOM] Snapshot saved: GateState
[PUBLISH] VisitorEntered: ticket=LOAD-1766498514365-12, gate=VIP
[GATE VIP] Ticket LOAD-1766498514365-12 ACCEPTED - Visitor entered
[GATE VIP] Could not notify ride-service: No instances found for service: ride-service
&amp#27;[36m[DEBUG]&amp#27;[0m [VIP] [MESSAGE_PROCESSED] Message processed in 1ms
&amp#27;[36m[DEBUG]&amp#27;[0m [VIP] [MESSAGE_RECEIVED] Message received
[PUBLISH] VisitorEntered: ticket=LOAD-1766498514365-13, gate=VIP
[GATE VIP] Ticket LOAD-1766498514365-13 ACCEPTED - Visitor entered
[GATE VIP] Could not notify ride-service: No instances found for service: ride-service
&amp#27;[36m[DEBUG]&amp#27;[0m [VIP] [CUSTOM] Snapshot saved: GateState
&amp#27;[36m[DEBUG]&amp#27;[0m [VIP] [MESSAGE_PROCESSED] Message processed in 1ms
&amp#27;[36m[DEBUG]&amp#27;[0m [VIP] [MESSAGE_RECEIVED] Message received
[PUBLISH] VisitorEntered: ticket=LOAD-1766498514365-14, gate=VIP
[GATE VIP] Ticket LOAD-1766498514365-14 ACCEPTED - Visitor entered
[GATE VIP] Could not notify ride-service: No instances found for service: ride-service
&amp#27;[36m[DEBUG]&amp#27;[0m [VIP] [CUSTOM] Snapshot saved: GateState
&amp#27;[36m[DEBUG]&amp#27;[0m [VIP] [MESSAGE_PROCESSED] Message processed in 1ms
[PUBLISH] VisitorEntered: ticket=LOAD-1766498514365-15, gate=VIP
[GATE VIP] Ticket LOAD-1766498514365-15 ACCEPTED - Visitor entered
&amp#27;[36m[DEBUG]&amp#27;[0m [VIP] [MESSAGE_RECEIVED] Message received
[GATE VIP] Could not notify ride-service: No instances found for service: ride-service
&amp#27;[36m[DEBUG]&amp#27;[0m [VIP] [CUSTOM] Snapshot saved: GateState
&amp#27;[36m[DEBUG]&amp#27;[0m [VIP] [MESSAGE_PROCESSED] Message processed in 1ms
[PUBLISH] VisitorEntered: ticket=LOAD-1766498514365-16, gate=VIP
[GATE VIP] Ticket LOAD-1766498514365-16 ACCEPTED - Visitor entered
[GATE VIP] Could not notify ride-service: No instances found for service: ride-service
&amp#27;[36m[DEBUG]&amp#27;[0m [VIP] [MESSAGE_RECEIVED] Message received
&amp#27;[36m[DEBUG]&amp#27;[0m [VIP] [CUSTOM] Snapshot saved: GateState
&amp#27;[36m[DEBUG]&amp#27;[0m [VIP] [MESSAGE_PROCESSED] Message processed in 0ms
[PUBLISH] VisitorEntered: ticket=LOAD-1766498514365-17, gate=VIP
[GATE VIP] Ticket LOAD-1766498514365-17 ACCEPTED - Visitor entered
[GATE VIP] Could not notify ride-service: No instances found for service: ride-service
&amp#27;[36m[DEBUG]&amp#27;[0m [VIP] [MESSAGE_RECEIVED] Message received
&amp#27;[36m[DEBUG]&amp#27;[0m [VIP] [CUSTOM] Snapshot saved: GateState
&amp#27;[36m[DEBUG]&amp#27;[0m [VIP] [MESSAGE_PROCESSED] Message processed in 0ms
[PUBLISH] VisitorEntered: ticket=LOAD-1766498514365-18, gate=VIP
[GATE VIP] Ticket LOAD-1766498514365-18 ACCEPTED - Visitor entered
[GATE VIP] Could not notify ride-service: No instances found for service: ride-service
&amp#27;[36m[DEBUG]&amp#27;[0m [VIP] [MESSAGE_RECEIVED] Message received
&amp#27;[36m[DEBUG]&amp#27;[0m [VIP] [CUSTOM] Snapshot saved: GateState
&amp#27;[36m[DEBUG]&amp#27;[0m [VIP] [MESSAGE_PROCESSED] Message processed in 1ms
[PUBLISH] VisitorEntered: ticket=LOAD-1766498514365-19, gate=VIP
[GATE VIP] Ticket LOAD-1766498514365-19 ACCEPTED - Visitor entered
[GATE VIP] Could not notify ride-service: No instances found for service: ride-service
&amp#27;[36m[DEBUG]&amp#27;[0m [VIP] [MESSAGE_RECEIVED] Message received
&amp#27;[36m[DEBUG]&amp#27;[0m [VIP] [CUSTOM] Snapshot saved: GateState
&amp#27;[36m[DEBUG]&amp#27;[0m [VIP] [MESSAGE_PROCESSED] Message processed in 0ms
[PUBLISH] VisitorEntered: ticket=LOAD-1766498514365-20, gate=VIP
[GATE VIP] Ticket LOAD-1766498514365-20 ACCEPTED - Visitor entered
&amp#27;[36m[DEBUG]&amp#27;[0m [VIP] [MESSAGE_RECEIVED] Message received
[GATE VIP] Could not notify ride-service: No instances found for service: ride-service
[PUBLISH] VisitorEntered: ticket=LOAD-1766498514365-21, gate=VIP
[GATE VIP] Ticket LOAD-1766498514365-21 ACCEPTED - Visitor entered
&amp#27;[36m[DEBUG]&amp#27;[0m [VIP] [CUSTOM] Snapshot saved: GateState
[GATE VIP] Could not notify ride-service: No instances found for service: ride-service
&amp#27;[36m[DEBUG]&amp#27;[0m [VIP] [MESSAGE_PROCESSED] Message processed in 0ms
&amp#27;[36m[DEBUG]&amp#27;[0m [VIP] [MESSAGE_RECEIVED] Message received
&amp#27;[36m[DEBUG]&amp#27;[0m [VIP] [CUSTOM] Snapshot saved: GateState
&amp#27;[36m[DEBUG]&amp#27;[0m [VIP] [MESSAGE_PROCESSED] Message processed in 1ms
[PUBLISH] VisitorEntered: ticket=LOAD-1766498514365-22, gate=VIP
[GATE VIP] Ticket LOAD-1766498514365-22 ACCEPTED - Visitor entered
[GATE VIP] Could not notify ride-service: No instances found for service: ride-service
&amp#27;[36m[DEBUG]&amp#27;[0m [VIP] [MESSAGE_RECEIVED] Message received
&amp#27;[36m[DEBUG]&amp#27;[0m [VIP] [CUSTOM] Snapshot saved: GateState
&amp#27;[36m[DEBUG]&amp#27;[0m [VIP] [MESSAGE_PROCESSED] Message processed in 1ms
&amp#27;[36m[DEBUG]&amp#27;[0m [VIP] [MESSAGE_RECEIVED] Message received
[PUBLISH] VisitorEntered: ticket=LOAD-1766498514365-23, gate=VIP
[GATE VIP] Ticket LOAD-1766498514365-23 ACCEPTED - Visitor entered
[GATE VIP] Could not notify ride-service: No instances found for service: ride-service
&amp#27;[36m[DEBUG]&amp#27;[0m [VIP] [CUSTOM] Snapshot saved: GateState
[PUBLISH] VisitorEntered: ticket=LOAD-1766498514365-24, gate=VIP
[GATE VIP] Ticket LOAD-1766498514365-24 ACCEPTED - Visitor entered
[GATE VIP] Could not notify ride-service: No instances found for service: ride-service
&amp#27;[36m[DEBUG]&amp#27;[0m [VIP] [MESSAGE_PROCESSED] Message processed in 0ms
[PUBLISH] VisitorEntered: ticket=LOAD-1766498514365-25, gate=VIP
[GATE VIP] Ticket LOAD-1766498514365-25 ACCEPTED - Visitor entered
[GATE VIP] Could not notify ride-service: No instances found for service: ride-service
&amp#27;[36m[DEBUG]&amp#27;[0m [VIP] [MESSAGE_RECEIVED] Message received
&amp#27;[36m[DEBUG]&amp#27;[0m [VIP] [CUSTOM] Snapshot saved: GateState
&amp#27;[36m[DEBUG]&amp#27;[0m [VIP] [MESSAGE_PROCESSED] Message processed in 1ms
&amp#27;[36m[DEBUG]&amp#27;[0m [VIP] [MESSAGE_RECEIVED] Message received
&amp#27;[36m[DEBUG]&amp#27;[0m [VIP] [CUSTOM] Snapshot saved: GateState
&amp#27;[36m[DEBUG]&amp#27;[0m [VIP] [MESSAGE_PROCESSED] Message processed in 0ms
&amp#27;[36m[DEBUG]&amp#27;[0m [VIP] [MESSAGE_RECEIVED] Message received
&amp#27;[36m[DEBUG]&amp#27;[0m [VIP] [CUSTOM] Snapshot saved: GateState
[PUBLISH] VisitorEntered: ticket=LOAD-1766498514365-26, gate=VIP
[GATE VIP] Ticket LOAD-1766498514365-26 ACCEPTED - Visitor entered
[GATE VIP] Could not notify ride-service: No instances found for service: ride-service
&amp#27;[36m[DEBUG]&amp#27;[0m [VIP] [MESSAGE_PROCESSED] Message processed in 1ms
&amp#27;[36m[DEBUG]&amp#27;[0m [VIP] [MESSAGE_RECEIVED] Message received
[PUBLISH] VisitorEntered: ticket=LOAD-1766498514365-27, gate=VIP
[GATE VIP] Ticket LOAD-1766498514365-27 ACCEPTED - Visitor entered
[GATE VIP] Could not notify ride-service: No instances found for service: ride-service
&amp#27;[36m[DEBUG]&amp#27;[0m [VIP] [CUSTOM] Snapshot saved: GateState
&amp#27;[36m[DEBUG]&amp#27;[0m [VIP] [MESSAGE_PROCESSED] Message processed in 0ms
&amp#27;[36m[DEBUG]&amp#27;[0m [VIP] [MESSAGE_RECEIVED] Message received
[PUBLISH] VisitorEntered: ticket=LOAD-1766498514365-28, gate=VIP
[GATE VIP] Ticket LOAD-1766498514365-28 ACCEPTED - Visitor entered
&amp#27;[36m[DEBUG]&amp#27;[0m [VIP] [CUSTOM] Snapshot saved: GateState
[GATE VIP] Could not notify ride-service: No instances found for service: ride-service
&amp#27;[36m[DEBUG]&amp#27;[0m [VIP] [MESSAGE_PROCESSED] Message processed in 1ms
&amp#27;[36m[DEBUG]&amp#27;[0m [VIP] [MESSAGE_RECEIVED] Message received
[PUBLISH] VisitorEntered: ticket=LOAD-1766498514365-29, gate=VIP
[GATE VIP] Ticket LOAD-1766498514365-29 ACCEPTED - Visitor entered
[GATE VIP] Could not notify ride-service: No instances found for service: ride-service
&amp#27;[36m[DEBUG]&amp#27;[0m [VIP] [CUSTOM] Snapshot saved: GateState
&amp#27;[36m[DEBUG]&amp#27;[0m [VIP] [MESSAGE_PROCESSED] Message processed in 0ms
&amp#27;[36m[DEBUG]&amp#27;[0m [VIP] [MESSAGE_RECEIVED] Message received
[PUBLISH] VisitorEntered: ticket=LOAD-1766498514365-30, gate=VIP
[GATE VIP] Ticket LOAD-1766498514365-30 ACCEPTED - Visitor entered
&amp#27;[36m[DEBUG]&amp#27;[0m [VIP] [CUSTOM] Snapshot saved: GateState
[GATE VIP] Could not notify ride-service: No instances found for service: ride-service
&amp#27;[36m[DEBUG]&amp#27;[0m [VIP] [MESSAGE_PROCESSED] Message processed in 1ms
&amp#27;[36m[DEBUG]&amp#27;[0m [VIP] [MESSAGE_RECEIVED] Message received
&amp#27;[36m[DEBUG]&amp#27;[0m [VIP] [CUSTOM] Snapshot saved: GateState
[PUBLISH] VisitorEntered: ticket=LOAD-1766498514365-31, gate=VIP
[GATE VIP] Ticket LOAD-1766498514365-31 ACCEPTED - Visitor entered
[GATE VIP] Could not notify ride-service: No instances found for service: ride-service
&amp#27;[36m[DEBUG]&amp#27;[0m [VIP] [MESSAGE_PROCESSED] Message processed in 1ms
[PUBLISH] VisitorEntered: ticket=LOAD-1766498514365-32, gate=VIP
[GATE VIP] Ticket LOAD-1766498514365-32 ACCEPTED - Visitor entered
[GATE VIP] Could not notify ride-service: No instances found for service: ride-service
&amp#27;[36m[DEBUG]&amp#27;[0m [VIP] [MESSAGE_RECEIVED] Message received
&amp#27;[36m[DEBUG]&amp#27;[0m [VIP] [CUSTOM] Snapshot saved: GateState
&amp#27;[36m[DEBUG]&amp#27;[0m [VIP] [MESSAGE_PROCESSED] Message processed in 0ms
[PUBLISH] VisitorEntered: ticket=LOAD-1766498514365-33, gate=VIP
[GATE VIP] Ticket LOAD-1766498514365-33 ACCEPTED - Visitor entered
&amp#27;[36m[DEBUG]&amp#27;[0m [VIP] [MESSAGE_RECEIVED] Message received
[GATE VIP] Could not notify ride-service: No instances found for service: ride-service
&amp#27;[36m[DEBUG]&amp#27;[0m [VIP] [CUSTOM] Snapshot saved: GateState
&amp#27;[36m[DEBUG]&amp#27;[0m [VIP] [MESSAGE_PROCESSED] Message processed in 0ms
&amp#27;[36m[DEBUG]&amp#27;[0m [VIP] [MESSAGE_RECEIVED] Message received
&amp#27;[36m[DEBUG]&amp#27;[0m [VIP] [CUSTOM] Snapshot saved: GateState
[PUBLISH] VisitorEntered: ticket=LOAD-1766498514365-34, gate=VIP
[GATE VIP] Ticket LOAD-1766498514365-34 ACCEPTED - Visitor entered
[GATE VIP] Could not notify ride-service: No instances found for service: ride-service
&amp#27;[36m[DEBUG]&amp#27;[0m [VIP] [MESSAGE_PROCESSED] Message processed in 1ms
&amp#27;[36m[DEBUG]&amp#27;[0m [VIP] [MESSAGE_RECEIVED] Message received
[PUBLISH] VisitorEntered: ticket=LOAD-1766498514365-35, gate=VIP
&amp#27;[36m[DEBUG]&amp#27;[0m [VIP] [CUSTOM] Snapshot saved: GateState
[GATE VIP] Ticket LOAD-1766498514365-35 ACCEPTED - Visitor entered
[GATE VIP] Could not notify ride-service: No instances found for service: ride-service
&amp#27;[36m[DEBUG]&amp#27;[0m [VIP] [MESSAGE_PROCESSED] Message processed in 1ms
&amp#27;[36m[DEBUG]&amp#27;[0m [VIP] [MESSAGE_RECEIVED] Message received
&amp#27;[36m[DEBUG]&amp#27;[0m [VIP] [CUSTOM] Snapshot saved: GateState
[PUBLISH] VisitorEntered: ticket=LOAD-1766498514365-36, gate=VIP
[GATE VIP] Ticket LOAD-1766498514365-36 ACCEPTED - Visitor entered
[GATE VIP] Could not notify ride-service: No instances found for service: ride-service
[PUBLISH] VisitorEntered: ticket=LOAD-1766498514365-37, gate=VIP
[GATE VIP] Ticket LOAD-1766498514365-37 ACCEPTED - Visitor entered
[GATE VIP] Could not notify ride-service: No instances found for service: ride-service
&amp#27;[36m[DEBUG]&amp#27;[0m [VIP] [MESSAGE_PROCESSED] Message processed in 1ms
&amp#27;[36m[DEBUG]&amp#27;[0m [VIP] [MESSAGE_RECEIVED] Message received
&amp#27;[36m[DEBUG]&amp#27;[0m [VIP] [CUSTOM] Snapshot saved: GateState
&amp#27;[36m[DEBUG]&amp#27;[0m [VIP] [MESSAGE_PROCESSED] Message processed in 0ms
&amp#27;[36m[DEBUG]&amp#27;[0m [VIP] [MESSAGE_RECEIVED] Message received
&amp#27;[36m[DEBUG]&amp#27;[0m [VIP] [CUSTOM] Snapshot saved: GateState
[PUBLISH] VisitorEntered: ticket=LOAD-1766498514365-38, gate=VIP
[GATE VIP] Ticket LOAD-1766498514365-38 ACCEPTED - Visitor entered
[GATE VIP] Could not notify ride-service: No instances found for service: ride-service
&amp#27;[36m[DEBUG]&amp#27;[0m [VIP] [MESSAGE_PROCESSED] Message processed in 1ms
&amp#27;[36m[DEBUG]&amp#27;[0m [VIP] [MESSAGE_RECEIVED] Message received
[PUBLISH] VisitorEntered: ticket=LOAD-1766498514365-39, gate=VIP
&amp#27;[36m[DEBUG]&amp#27;[0m [VIP] [CUSTOM] Snapshot saved: GateState
[GATE VIP] Ticket LOAD-1766498514365-39 ACCEPTED - Visitor entered
[GATE VIP] Could not notify ride-service: No instances found for service: ride-service
&amp#27;[36m[DEBUG]&amp#27;[0m [VIP] [MESSAGE_PROCESSED] Message processed in 1ms
[PUBLISH] VisitorEntered: ticket=LOAD-1766498514365-40, gate=VIP
[GATE VIP] Ticket LOAD-1766498514365-40 ACCEPTED - Visitor entered
[GATE VIP] Could not notify ride-service: No instances found for service: ride-service
[PUBLISH] VisitorEntered: ticket=LOAD-1766498514365-41, gate=VIP
[GATE VIP] Ticket LOAD-1766498514365-41 ACCEPTED - Visitor entered
&amp#27;[36m[DEBUG]&amp#27;[0m [VIP] [MESSAGE_RECEIVED] Message received
[GATE VIP] Could not notify ride-service: No instances found for service: ride-service
&amp#27;[36m[DEBUG]&amp#27;[0m [VIP] [CUSTOM] Snapshot saved: GateState
&amp#27;[36m[DEBUG]&amp#27;[0m [VIP] [MESSAGE_PROCESSED] Message processed in 0ms
&amp#27;[36m[DEBUG]&amp#27;[0m [VIP] [MESSAGE_RECEIVED] Message received
[PUBLISH] VisitorEntered: ticket=LOAD-1766498514365-42, gate=VIP
[GATE VIP] Ticket LOAD-1766498514365-42 ACCEPTED - Visitor entered
[GATE VIP] Could not notify ride-service: No instances found for service: ride-service
&amp#27;[36m[DEBUG]&amp#27;[0m [VIP] [CUSTOM] Snapshot saved: GateState
&amp#27;[36m[DEBUG]&amp#27;[0m [VIP] [MESSAGE_PROCESSED] Message processed in 1ms
&amp#27;[36m[DEBUG]&amp#27;[0m [VIP] [MESSAGE_RECEIVED] Message received
[PUBLISH] VisitorEntered: ticket=LOAD-1766498514365-43, gate=VIP
[GATE VIP] Ticket LOAD-1766498514365-43 ACCEPTED - Visitor entered
[GATE VIP] Could not notify ride-service: No instances found for service: ride-service
&amp#27;[36m[DEBUG]&amp#27;[0m [VIP] [CUSTOM] Snapshot saved: GateState
&amp#27;[36m[DEBUG]&amp#27;[0m [VIP] [MESSAGE_PROCESSED] Message processed in 0ms
[PUBLISH] VisitorEntered: ticket=LOAD-1766498514365-44, gate=VIP
[GATE VIP] Ticket LOAD-1766498514365-44 ACCEPTED - Visitor entered
[GATE VIP] Could not notify ride-service: No instances found for service: ride-service
&amp#27;[36m[DEBUG]&amp#27;[0m [VIP] [MESSAGE_RECEIVED] Message received
&amp#27;[36m[DEBUG]&amp#27;[0m [VIP] [CUSTOM] Snapshot saved: GateState
&amp#27;[36m[DEBUG]&amp#27;[0m [VIP] [MESSAGE_PROCESSED] Message processed in 1ms
[PUBLISH] VisitorEntered: ticket=LOAD-1766498514365-45, gate=VIP
[GATE VIP] Ticket LOAD-1766498514365-45 ACCEPTED - Visitor entered
[GATE VIP] Could not notify ride-service: No instances found for service: ride-service
&amp#27;[36m[DEBUG]&amp#27;[0m [VIP] [MESSAGE_RECEIVED] Message received
&amp#27;[36m[DEBUG]&amp#27;[0m [VIP] [CUSTOM] Snapshot saved: GateState
[PUBLISH] VisitorEntered: ticket=LOAD-1766498514365-46, gate=VIP
[GATE VIP] Ticket LOAD-1766498514365-46 ACCEPTED - Visitor entered
&amp#27;[36m[DEBUG]&amp#27;[0m [VIP] [MESSAGE_PROCESSED] Message processed in 1ms
[GATE VIP] Could not notify ride-service: No instances found for service: ride-service
&amp#27;[36m[DEBUG]&amp#27;[0m [VIP] [MESSAGE_RECEIVED] Message received
&amp#27;[36m[DEBUG]&amp#27;[0m [VIP] [CUSTOM] Snapshot saved: GateState
&amp#27;[36m[DEBUG]&amp#27;[0m [VIP] [MESSAGE_PROCESSED] Message processed in 0ms
&amp#27;[36m[DEBUG]&amp#27;[0m [VIP] [MESSAGE_RECEIVED] Message received
&amp#27;[36m[DEBUG]&amp#27;[0m [VIP] [CUSTOM] Snapshot saved: GateState
[PUBLISH] VisitorEntered: ticket=LOAD-1766498514365-47, gate=VIP
[GATE VIP] Ticket LOAD-1766498514365-47 ACCEPTED - Visitor entered
[GATE VIP] Could not notify ride-service: No instances found for service: ride-service
&amp#27;[36m[DEBUG]&amp#27;[0m [VIP] [MESSAGE_PROCESSED] Message processed in 1ms
&amp#27;[36m[DEBUG]&amp#27;[0m [VIP] [MESSAGE_RECEIVED] Message received
&amp#27;[36m[DEBUG]&amp#27;[0m [VIP] [CUSTOM] Snapshot saved: GateState
&amp#27;[36m[DEBUG]&amp#27;[0m [VIP] [MESSAGE_PROCESSED] Message processed in 1ms
[PUBLISH] VisitorEntered: ticket=LOAD-1766498514365-48, gate=VIP
[GATE VIP] Ticket LOAD-1766498514365-48 ACCEPTED - Visitor entered
[GATE VIP] Could not notify ride-service: No instances found for service: ride-service
&amp#27;[36m[DEBUG]&amp#27;[0m [VIP] [MESSAGE_RECEIVED] Message received
&amp#27;[36m[DEBUG]&amp#27;[0m [VIP] [CUSTOM] Snapshot saved: GateState
&amp#27;[36m[DEBUG]&amp#27;[0m [VIP] [MESSAGE_PROCESSED] Message processed in 1ms
&amp#27;[36m[DEBUG]&amp#27;[0m [VIP] [MESSAGE_RECEIVED] Message received
&amp#27;[36m[DEBUG]&amp#27;[0m [VIP] [CUSTOM] Snapshot saved: GateState
[LOAD TEST] 50 scans completed in 49ms (1020,41 scans/sec)
[PUBLISH] VisitorEntered: ticket=LOAD-1766498514365-49, gate=VIP
[GATE VIP] Ticket LOAD-1766498514365-49 ACCEPTED - Visitor entered
[GATE VIP] Could not notify ride-service: No instances found for service: ride-service
&amp#27;[36m[DEBUG]&amp#27;[0m [VIP] [MESSAGE_PROCESSED] Message processed in 2ms
&amp#27;[36m[DEBUG]&amp#27;[0m [VIP] [MESSAGE_RECEIVED] Message received
&amp#27;[36m[DEBUG]&amp#27;[0m [VIP] [MESSAGE_PROCESSED] Message processed in 0ms
&amp#27;[36m[DEBUG]&amp#27;[0m [VIP] [MESSAGE_RECEIVED] Message received
&amp#27;[36m[DEBUG]&amp#27;[0m [VIP] [MESSAGE_PROCESSED] Message processed in 0ms
]]></system-out>
  </testcase>
</testsuite>