<?xml version="1.0" encoding="UTF-8"?>
<testsuite xmlns:xsi="http://www.w3.org/2001/XMLSchema-instance" xsi:noNamespaceSchemaLocation="https://maven.apache.org/surefire/maven-surefire-plugin/xsd/surefire-test-report.xsd" version="3.0.2" name="com.music.actor.ActorFrameworkTest" time="1.718" tests="8" errors="0" skipped="0" failures="0">
  <properties>
[...]
</properties>
  <testcase name="shouldRestartActorAfterError" classname="com.music.actor.ActorFrameworkTest" time="0.731">
    <system-out><![CDATA[[ACTOR-LOGGER] Initialized for service 'test-system', logs in 'logs/test'
&amp#27;[32m[INFO]&amp#27;[0m [system] [CUSTOM] Actor system 'test-system' initialized with virtual threads and Resilience4j
&amp#27;[36m[DEBUG]&amp#27;[0m [supervised] [STATE_CHANGE] State changed: CREATED -> RUNNING
&amp#27;[32m[INFO]&amp#27;[0m [supervised] [ACTOR_CREATED] Actor created with parent: root
&amp#27;[36m[DEBUG]&amp#27;[0m [supervised] [MESSAGE_RECEIVED] Message received
&amp#27;[31m[ERROR]&amp#27;[0m [supervised] [ACTOR_ERROR] Simulated error
&amp#27;[33m[WARN]&amp#27;[0m [supervised] [ACTOR_RESTARTED] Actor restarted (attempt 1): Simulated error
&amp#27;[36m[DEBUG]&amp#27;[0m [supervised] [MESSAGE_RECEIVED] Message received
&amp#27;[36m[DEBUG]&amp#27;[0m [supervised] [MESSAGE_PROCESSED] Message processed in 0ms
&amp#27;[32m[INFO]&amp#27;[0m [system] [CUSTOM] Shutting down actor system 'test-system'...
&amp#27;[36m[DEBUG]&amp#27;[0m [supervised] [STATE_CHANGE] State changed: RUNNING -> STOPPING
&amp#27;[32m[INFO]&amp#27;[0m [supervised] [ACTOR_STOPPED] Actor stopped: Normal shutdown
&amp#27;[32m[INFO]&amp#27;[0m [system] [CUSTOM] Actor system 'test-system' stopped
]]></system-out>
  </testcase>
  <testcase name="shouldReceiveResponseWithAsk" classname="com.music.actor.ActorFrameworkTest" time="0.111">
    <system-out><![CDATA[[ACTOR-LOGGER] Initialized for service 'test-system', logs in 'logs/test'
&amp#27;[32m[INFO]&amp#27;[0m [system] [CUSTOM] Actor system 'test-system' initialized with virtual threads and Resilience4j
&amp#27;[36m[DEBUG]&amp#27;[0m [echo] [STATE_CHANGE] State changed: CREATED -> RUNNING
&amp#27;[32m[INFO]&amp#27;[0m [echo] [ACTOR_CREATED] Actor created with parent: root
&amp#27;[36m[DEBUG]&amp#27;[0m [echo] [MESSAGE_RECEIVED] Message received
&amp#27;[36m[DEBUG]&amp#27;[0m [echo] [MESSAGE_PROCESSED] Message processed in 0ms
&amp#27;[36m[DEBUG]&amp#27;[0m [echo] [MESSAGE_RECEIVED] Message received
&amp#27;[36m[DEBUG]&amp#27;[0m [echo] [MESSAGE_PROCESSED] Message processed in 0ms
&amp#27;[32m[INFO]&amp#27;[0m [system] [CUSTOM] Shutting down actor system 'test-system'...
&amp#27;[36m[DEBUG]&amp#27;[0m [echo] [STATE_CHANGE] State changed: RUNNING -> STOPPING
&amp#27;[32m[INFO]&amp#27;[0m [echo] [ACTOR_STOPPED] Actor stopped: Normal shutdown
&amp#27;[32m[INFO]&amp#27;[0m [system] [CUSTOM] Actor system 'test-system' stopped
]]></system-out>
  </testcase>
  <testcase name="shouldReturnSameActorIfExists" classname="com.music.actor.ActorFrameworkTest" time="0.106">
    <system-out><![CDATA[[ACTOR-LOGGER] Initialized for service 'test-system', logs in 'logs/test'
&amp#27;[32m[INFO]&amp#27;[0m [system] [CUSTOM] Actor system 'test-system' initialized with virtual threads and Resilience4j
&amp#27;[36m[DEBUG]&amp#27;[0m [same-actor] [STATE_CHANGE] State changed: CREATED -> RUNNING
&amp#27;[32m[INFO]&amp#27;[0m [same-actor] [ACTOR_CREATED] Actor created with parent: root
&amp#27;[32m[INFO]&amp#27;[0m [system] [CUSTOM] Shutting down actor system 'test-system'...
&amp#27;[36m[DEBUG]&amp#27;[0m [same-actor] [STATE_CHANGE] State changed: RUNNING -> STOPPING
&amp#27;[32m[INFO]&amp#27;[0m [same-actor] [ACTOR_STOPPED] Actor stopped: Normal shutdown
&amp#27;[32m[INFO]&amp#27;[0m [system] [CUSTOM] Actor system 'test-system' stopped
]]></system-out>
  </testcase>
  <testcase name="shouldCreateActor" classname="com.music.actor.ActorFrameworkTest" time="0.109">
    <system-out><![CDATA[[ACTOR-LOGGER] Initialized for service 'test-system', logs in 'logs/test'
&amp#27;[32m[INFO]&amp#27;[0m [system] [CUSTOM] Actor system 'test-system' initialized with virtual threads and Resilience4j
&amp#27;[36m[DEBUG]&amp#27;[0m [test-actor] [STATE_CHANGE] State changed: CREATED -> RUNNING
&amp#27;[32m[INFO]&amp#27;[0m [test-actor] [ACTOR_CREATED] Actor created with parent: root
&amp#27;[32m[INFO]&amp#27;[0m [system] [CUSTOM] Shutting down actor system 'test-system'...
&amp#27;[36m[DEBUG]&amp#27;[0m [test-actor] [STATE_CHANGE] State changed: RUNNING -> STOPPING
&amp#27;[32m[INFO]&amp#27;[0m [test-actor] [ACTOR_STOPPED] Actor stopped: Normal shutdown
&amp#27;[32m[INFO]&amp#27;[0m [system] [CUSTOM] Actor system 'test-system' stopped
]]></system-out>
  </testcase>
  <testcase name="shouldStopActor" classname="com.music.actor.ActorFrameworkTest" time="0.008">
    <system-out><![CDATA[[ACTOR-LOGGER] Initialized for service 'test-system', logs in 'logs/test'
&amp#27;[32m[INFO]&amp#27;[0m [system] [CUSTOM] Actor system 'test-system' initialized with virtual threads and Resilience4j
&amp#27;[36m[DEBUG]&amp#27;[0m [stoppable] [STATE_CHANGE] State changed: CREATED -> RUNNING
&amp#27;[32m[INFO]&amp#27;[0m [stoppable] [ACTOR_CREATED] Actor created with parent: root
&amp#27;[36m[DEBUG]&amp#27;[0m [stoppable] [STATE_CHANGE] State changed: RUNNING -> STOPPING
&amp#27;[32m[INFO]&amp#27;[0m [stoppable] [ACTOR_STOPPED] Actor stopped: Normal shutdown
&amp#27;[32m[INFO]&amp#27;[0m [stoppable] [ACTOR_STOPPED] Actor stopped: Explicit stop
&amp#27;[32m[INFO]&amp#27;[0m [system] [CUSTOM] Shutting down actor system 'test-system'...
&amp#27;[32m[INFO]&amp#27;[0m [system] [CUSTOM] Actor system 'test-system' stopped
]]></system-out>
  </testcase>
  <testcase name="shouldProcessMessagesInOrder" classname="com.music.actor.ActorFrameworkTest" time="0.109">
    <system-out><![CDATA[[ACTOR-LOGGER] Initialized for service 'test-system', logs in 'logs/test'
&amp#27;[32m[INFO]&amp#27;[0m [system] [CUSTOM] Actor system 'test-system' initialized with virtual threads and Resilience4j
&amp#27;[36m[DEBUG]&amp#27;[0m [ordered] [STATE_CHANGE] State changed: CREATED -> RUNNING
&amp#27;[32m[INFO]&amp#27;[0m [ordered] [ACTOR_CREATED] Actor created with parent: root
&amp#27;[36m[DEBUG]&amp#27;[0m [ordered] [MESSAGE_RECEIVED] Message received
&amp#27;[36m[DEBUG]&amp#27;[0m [ordered] [MESSAGE_PROCESSED] Message processed in 0ms
&amp#27;[36m[DEBUG]&amp#27;[0m [ordered] [MESSAGE_RECEIVED] Message received
&amp#27;[36m[DEBUG]&amp#27;[0m [ordered] [MESSAGE_PROCESSED] Message processed in 0ms
&amp#27;[36m[DEBUG]&amp#27;[0m [ordered] [MESSAGE_RECEIVED] Message received
&amp#27;[36m[DEBUG]&amp#27;[0m [ordered] [MESSAGE_PROCESSED] Message processed in 0ms
&amp#27;[32m[INFO]&amp#27;[0m [system] [CUSTOM] Shutting down actor system 'test-system'...
&amp#27;[36m[DEBUG]&amp#27;[0m [ordered] [STATE_CHANGE] State changed: RUNNING -> STOPPING
&amp#27;[32m[INFO]&amp#27;[0m [ordered] [ACTOR_STOPPED] Actor stopped: Normal shutdown
&amp#27;[32m[INFO]&amp#27;[0m [system] [CUSTOM] Actor system 'test-system' stopped
]]></system-out>
  </testcase>
  <testcase name="shouldReceiveMessages" classname="com.music.actor.ActorFrameworkTest" time="0.109">
    <system-out><![CDATA[[ACTOR-LOGGER] Initialized for service 'test-system', logs in 'logs/test'
&amp#27;[32m[INFO]&amp#27;[0m [system] [CUSTOM] Actor system 'test-system' initialized with virtual threads and Resilience4j
&amp#27;[36m[DEBUG]&amp#27;[0m [counter] [STATE_CHANGE] State changed: CREATED -> RUNNING
&amp#27;[32m[INFO]&amp#27;[0m [counter] [ACTOR_CREATED] Actor created with parent: root
&amp#27;[36m[DEBUG]&amp#27;[0m [counter] [MESSAGE_RECEIVED] Message received
&amp#27;[36m[DEBUG]&amp#27;[0m [counter] [MESSAGE_PROCESSED] Message processed in 0ms
&amp#27;[36m[DEBUG]&amp#27;[0m [counter] [MESSAGE_RECEIVED] Message received
&amp#27;[36m[DEBUG]&amp#27;[0m [counter] [MESSAGE_PROCESSED] Message processed in 0ms
&amp#27;[36m[DEBUG]&amp#27;[0m [counter] [MESSAGE_RECEIVED] Message received
&amp#27;[36m[DEBUG]&amp#27;[0m [counter] [MESSAGE_PROCESSED] Message processed in 0ms
&amp#27;[32m[INFO]&amp#27;[0m [system] [CUSTOM] Shutting down actor system 'test-system'...
&amp#27;[36m[DEBUG]&amp#27;[0m [counter] [STATE_CHANGE] State changed: RUNNING -> STOPPING
&amp#27;[32m[INFO]&amp#27;[0m [counter] [ACTOR_STOPPED] Actor stopped: Normal shutdown
&amp#27;[32m[INFO]&amp#27;[0m [system] [CUSTOM] Actor system 'test-system' stopped
]]></system-out>
  </testcase>
  <testcase name="shouldBlockAndUnblockActor" classname="com.music.actor.ActorFrameworkTest" time="0.418">
    <system-out><![CDATA[[ACTOR-LOGGER] Initialized for service 'test-system', logs in 'logs/test'
&amp#27;[32m[INFO]&amp#27;[0m [system] [CUSTOM] Actor system 'test-system' initialized with virtual threads and Resilience4j
&amp#27;[36m[DEBUG]&amp#27;[0m [blockable] [STATE_CHANGE] State changed: CREATED -> RUNNING
&amp#27;[32m[INFO]&amp#27;[0m [blockable] [ACTOR_CREATED] Actor created with parent: root
&amp#27;[36m[DEBUG]&amp#27;[0m [blockable] [MESSAGE_RECEIVED] Message received
&amp#27;[36m[DEBUG]&amp#27;[0m [blockable] [MESSAGE_PROCESSED] Message processed in 0ms
&amp#27;[33m[WARN]&amp#27;[0m [blockable] [ACTOR_BLOCKED] Actor blocked
&amp#27;[33m[WARN]&amp#27;[0m [blockable] [ACTOR_BLOCKED] Actor blocked
&amp#27;[32m[INFO]&amp#27;[0m [blockable] [ACTOR_UNBLOCKED] Actor unblocked
&amp#27;[32m[INFO]&amp#27;[0m [blockable] [ACTOR_UNBLOCKED] Actor unblocked
&amp#27;[36m[DEBUG]&amp#27;[0m [blockable] [MESSAGE_RECEIVED] Message received
&amp#27;[36m[DEBUG]&amp#27;[0m [blockable] [MESSAGE_PROCESSED] Message processed in 0ms
&amp#27;[32m[INFO]&amp#27;[0m [system] [CUSTOM] Shutting down actor system 'test-system'...
&amp#27;[36m[DEBUG]&amp#27;[0m [blockable] [STATE_CHANGE] State changed: RUNNING -> STOPPING
&amp#27;[32m[INFO]&amp#27;[0m [blockable] [ACTOR_STOPPED] Actor stopped: Normal shutdown
&amp#27;[32m[INFO]&amp#27;[0m [system] [CUSTOM] Actor system 'test-system' stopped
]]></system-out>
  </testcase>
</testsuite>